<?xml version="1.0" encoding="UTF-8"?>
<!-- Generated by org.testng.reporters.JUnitReportReporter -->
<testsuite hostname="Mahithas-PC" failures="0" tests="3007" name="com.erudex.test.login.LoginTestRA" time="1074.171" errors="0" timestamp="2023-07-06T00:04:42 EDT" skipped="0">
  <testcase classname="com.erudex.test.login.LoginTestRA" name="testLogin" time="0.966"/>
  <testcase classname="com.erudex.test.login.LoginTestRA" name="testLoginWithSession" time="0.301"/>
  <testcase classname="com.erudex.test.login.LoginTestRA" name="testLogoutWithSession" time="0.351"/>
  <testcase classname="com.erudex.test.login.LoginTestRA" name="testLoginWithSession" time="0.299"/>
  <testcase classname="com.erudex.test.login.LoginTestRA" name="testLogoutWithSession" time="0.341"/>
  <testcase classname="com.erudex.test.login.LoginTestRA" name="testLogin" time="0.353"/>
  <testcase classname="com.erudex.test.login.LoginTestRA" name="testLogoutWithSession" time="0.336"/>
  <testcase classname="com.erudex.test.login.LoginTestRA" name="testLogoutWithSession" time="0.332"/>
  <testcase classname="com.erudex.test.login.LoginTestRA" name="testLoginWithSession" time="0.334"/>
  <testcase classname="com.erudex.test.login.LoginTestRA" name="testLoginWithSession" time="0.306"/>
  <testcase classname="com.erudex.test.login.LoginTestRA" name="testLoginWithSession" time="0.346"/>
  <testcase classname="com.erudex.test.login.LoginTestRA" name="testLoginWithSession" time="0.348"/>
  <testcase classname="com.erudex.test.login.LoginTestRA" name="testLogoutWithSession" time="0.337"/>
  <testcase classname="com.erudex.test.login.LoginTestRA" name="testLoginWithSession" time="0.347"/>
  <testcase classname="com.erudex.test.login.LoginTestRA" name="testLogin" time="0.350"/>
  <testcase classname="com.erudex.test.login.LoginTestRA" name="testLogin" time="0.357"/>
  <testcase classname="com.erudex.test.login.LoginTestRA" name="testLoginWithSession" time="0.350"/>
  <testcase classname="com.erudex.test.login.LoginTestRA" name="testLoginWithSession" time="0.310"/>
  <testcase classname="com.erudex.test.login.LoginTestRA" name="testLogoutWithSession" time="0.343"/>
  <testcase classname="com.erudex.test.login.LoginTestRA" name="testLoginWithSession" time="0.346"/>
  <testcase classname="com.erudex.test.login.LoginTestRA" name="testLogoutWithSession" time="0.353"/>
  <testcase classname="com.erudex.test.login.LoginTestRA" name="testLogin" time="0.323"/>
  <testcase classname="com.erudex.test.login.LoginTestRA" name="testLogoutWithSession" time="0.351"/>
  <testcase classname="com.erudex.test.login.LoginTestRA" name="testLoginWithSession" time="0.343"/>
  <testcase classname="com.erudex.test.login.LoginTestRA" name="testLogoutWithSession" time="0.340"/>
  <testcase classname="com.erudex.test.login.LoginTestRA" name="testLoginWithSession" time="0.370"/>
  <testcase classname="com.erudex.test.login.LoginTestRA" name="testLogoutWithSession" time="0.337"/>
  <testcase classname="com.erudex.test.login.LoginTestRA" name="testLogoutWithSession" time="0.342"/>
  <testcase classname="com.erudex.test.login.LoginTestRA" name="testLoginWithSession" time="0.356"/>
  <testcase classname="com.erudex.test.login.LoginTestRA" name="testLogoutWithSession" time="0.303"/>
  <testcase classname="com.erudex.test.login.LoginTestRA" name="testLogin" time="0.437"/>
  <testcase classname="com.erudex.test.login.LoginTestRA" name="testLogoutWithSession" time="0.327"/>
  <testcase classname="com.erudex.test.login.LoginTestRA" name="testLogin" time="0.312"/>
  <testcase classname="com.erudex.test.login.LoginTestRA" name="testLoginWithSession" time="0.308"/>
  <testcase classname="com.erudex.test.login.LoginTestRA" name="testLogoutWithSession" time="0.338"/>
  <testcase classname="com.erudex.test.login.LoginTestRA" name="testLoginWithSession" time="0.303"/>
  <testcase classname="com.erudex.test.login.LoginTestRA" name="testLoginWithSession" time="0.300"/>
  <testcase classname="com.erudex.test.login.LoginTestRA" name="testLogoutWithSession" time="0.345"/>
  <testcase classname="com.erudex.test.login.LoginTestRA" name="testLogin" time="0.327"/>
  <testcase classname="com.erudex.test.login.LoginTestRA" name="testLogoutWithSession" time="0.348"/>
  <testcase classname="com.erudex.test.login.LoginTestRA" name="testLogoutWithSession" time="0.312"/>
  <testcase classname="com.erudex.test.login.LoginTestRA" name="testLoginWithSession" time="0.340"/>
  <testcase classname="com.erudex.test.login.LoginTestRA" name="testLogin" time="0.324"/>
  <testcase classname="com.erudex.test.login.LoginTestRA" name="testLogin" time="0.360"/>
  <testcase classname="com.erudex.test.login.LoginTestRA" name="testLogin" time="0.332"/>
  <testcase classname="com.erudex.test.login.LoginTestRA" name="testLoginWithSession" time="0.301"/>
  <testcase classname="com.erudex.test.login.LoginTestRA" name="testLoginWithSession" time="0.313"/>
  <testcase classname="com.erudex.test.login.LoginTestRA" name="testLogoutWithSession" time="0.342"/>
  <testcase classname="com.erudex.test.login.LoginTestRA" name="testLoginWithSession" time="0.342"/>
  <testcase classname="com.erudex.test.login.LoginTestRA" name="testLoginWithSession" time="0.309"/>
  <testcase classname="com.erudex.test.login.LoginTestRA" name="testLoginWithSession" time="0.348"/>
  <testcase classname="com.erudex.test.login.LoginTestRA" name="testLogoutWithSession" time="0.342"/>
  <testcase classname="com.erudex.test.login.LoginTestRA" name="testLoginWithSession" time="0.337"/>
  <testcase classname="com.erudex.test.login.LoginTestRA" name="testLogoutWithSession" time="0.306"/>
  <testcase classname="com.erudex.test.login.LoginTestRA" name="testLogin" time="0.324"/>
  <testcase classname="com.erudex.test.login.LoginTestRA" name="testLogin" time="0.322"/>
  <testcase classname="com.erudex.test.login.LoginTestRA" name="testLoginWithSession" time="0.345"/>
  <testcase classname="com.erudex.test.login.LoginTestRA" name="testLogoutWithSession" time="0.346"/>
  <testcase classname="com.erudex.test.login.LoginTestRA" name="testLoginWithSession" time="0.327"/>
  <testcase classname="com.erudex.test.login.LoginTestRA" name="testLogoutWithSession" time="0.364"/>
  <testcase classname="com.erudex.test.login.LoginTestRA" name="testLogoutWithSession" time="0.346"/>
  <testcase classname="com.erudex.test.login.LoginTestRA" name="testLogin" time="0.310"/>
  <testcase classname="com.erudex.test.login.LoginTestRA" name="testLoginWithSession" time="0.351"/>
  <testcase classname="com.erudex.test.login.LoginTestRA" name="testLoginWithSession" time="0.306"/>
  <testcase classname="com.erudex.test.login.LoginTestRA" name="testLogoutWithSession" time="0.342"/>
  <testcase classname="com.erudex.test.login.LoginTestRA" name="testLogoutWithSession" time="0.298"/>
  <testcase classname="com.erudex.test.login.LoginTestRA" name="testLoginWithSession" time="0.353"/>
  <testcase classname="com.erudex.test.login.LoginTestRA" name="testLogin" time="0.323"/>
  <testcase classname="com.erudex.test.login.LoginTestRA" name="testLoginWithSession" time="0.349"/>
  <testcase classname="com.erudex.test.login.LoginTestRA" name="testLogoutWithSession" time="0.341"/>
  <testcase classname="com.erudex.test.login.LoginTestRA" name="testLogin" time="0.315"/>
  <testcase classname="com.erudex.test.login.LoginTestRA" name="testLogin" time="0.334"/>
  <testcase classname="com.erudex.test.login.LoginTestRA" name="testLogin" time="0.322"/>
  <testcase classname="com.erudex.test.login.LoginTestRA" name="testLogin" time="0.329"/>
  <testcase classname="com.erudex.test.login.LoginTestRA" name="testLogin" time="0.374"/>
  <testcase classname="com.erudex.test.login.LoginTestRA" name="testLoginWithSession" time="0.297"/>
  <testcase classname="com.erudex.test.login.LoginTestRA" name="testLoginWithSession" time="0.315"/>
  <testcase classname="com.erudex.test.login.LoginTestRA" name="testLogin" time="0.332"/>
  <testcase classname="com.erudex.test.login.LoginTestRA" name="testLogin" time="0.321"/>
  <testcase classname="com.erudex.test.login.LoginTestRA" name="testLogoutWithSession" time="0.292"/>
  <testcase classname="com.erudex.test.login.LoginTestRA" name="testLogin" time="0.419"/>
  <testcase classname="com.erudex.test.login.LoginTestRA" name="testLogin" time="0.332"/>
  <testcase classname="com.erudex.test.login.LoginTestRA" name="testLogin" time="0.340"/>
  <testcase classname="com.erudex.test.login.LoginTestRA" name="testLogin" time="0.303"/>
  <testcase classname="com.erudex.test.login.LoginTestRA" name="testLoginWithSession" time="0.382"/>
  <testcase classname="com.erudex.test.login.LoginTestRA" name="testLogoutWithSession" time="0.347"/>
  <testcase classname="com.erudex.test.login.LoginTestRA" name="testLogin" time="0.313"/>
  <testcase classname="com.erudex.test.login.LoginTestRA" name="testLogin" time="0.349"/>
  <testcase classname="com.erudex.test.login.LoginTestRA" name="testLogoutWithSession" time="0.343"/>
  <testcase classname="com.erudex.test.login.LoginTestRA" name="testLogoutWithSession" time="0.420"/>
  <testcase classname="com.erudex.test.login.LoginTestRA" name="testLogin" time="0.347"/>
  <testcase classname="com.erudex.test.login.LoginTestRA" name="testLogoutWithSession" time="0.306"/>
  <testcase classname="com.erudex.test.login.LoginTestRA" name="testLogin" time="0.333"/>
  <testcase classname="com.erudex.test.login.LoginTestRA" name="testLogin" time="0.313"/>
  <testcase classname="com.erudex.test.login.LoginTestRA" name="testLogin" time="0.359"/>
  <testcase classname="com.erudex.test.login.LoginTestRA" name="testLoginWithSession" time="0.301"/>
  <testcase classname="com.erudex.test.login.LoginTestRA" name="testLogoutWithSession" time="0.341"/>
  <testcase classname="com.erudex.test.login.LoginTestRA" name="testLoginWithSession" time="0.295"/>
  <testcase classname="com.erudex.test.login.LoginTestRA" name="testLoginWithSession" time="0.737"/>
  <testcase classname="com.erudex.test.login.LoginTestRA" name="testLogin" time="0.336"/>
  <testcase classname="com.erudex.test.login.LoginTestRA" name="testLogoutWithSession" time="0.347"/>
  <testcase classname="com.erudex.test.login.LoginTestRA" name="testLogin" time="0.389"/>
  <testcase classname="com.erudex.test.login.LoginTestRA" name="testLoginWithSession" time="0.334"/>
  <testcase classname="com.erudex.test.login.LoginTestRA" name="testLoginWithSession" time="0.319"/>
  <testcase classname="com.erudex.test.login.LoginTestRA" name="testLogoutWithSession" time="0.342"/>
  <testcase classname="com.erudex.test.login.LoginTestRA" name="testLogin" time="0.376"/>
  <testcase classname="com.erudex.test.login.LoginTestRA" name="testLogin" time="0.326"/>
  <testcase classname="com.erudex.test.login.LoginTestRA" name="testLogin" time="0.317"/>
  <testcase classname="com.erudex.test.login.LoginTestRA" name="testLogoutWithSession" time="0.293"/>
  <testcase classname="com.erudex.test.login.LoginTestRA" name="testLogin" time="0.334"/>
  <testcase classname="com.erudex.test.login.LoginTestRA" name="testLogin" time="0.348"/>
  <testcase classname="com.erudex.test.login.LoginTestRA" name="testLogoutWithSession" time="0.344"/>
  <testcase classname="com.erudex.test.login.LoginTestRA" name="testLogoutWithSession" time="0.350"/>
  <testcase classname="com.erudex.test.login.LoginTestRA" name="testLoginWithSession" time="0.330"/>
  <testcase classname="com.erudex.test.login.LoginTestRA" name="testLogin" time="0.365"/>
  <testcase classname="com.erudex.test.login.LoginTestRA" name="testLogoutWithSession" time="0.301"/>
  <testcase classname="com.erudex.test.login.LoginTestRA" name="testLoginWithSession" time="0.311"/>
  <testcase classname="com.erudex.test.login.LoginTestRA" name="testLogin" time="0.335"/>
  <testcase classname="com.erudex.test.login.LoginTestRA" name="testLogoutWithSession" time="0.298"/>
  <testcase classname="com.erudex.test.login.LoginTestRA" name="testLogin" time="0.368"/>
  <testcase classname="com.erudex.test.login.LoginTestRA" name="testLogoutWithSession" time="0.299"/>
  <testcase classname="com.erudex.test.login.LoginTestRA" name="testLoginWithSession" time="0.343"/>
  <testcase classname="com.erudex.test.login.LoginTestRA" name="testLoginWithSession" time="0.316"/>
  <testcase classname="com.erudex.test.login.LoginTestRA" name="testLogoutWithSession" time="0.349"/>
  <testcase classname="com.erudex.test.login.LoginTestRA" name="testLogin" time="0.364"/>
  <testcase classname="com.erudex.test.login.LoginTestRA" name="testLogoutWithSession" time="0.335"/>
  <testcase classname="com.erudex.test.login.LoginTestRA" name="testLoginWithSession" time="0.342"/>
  <testcase classname="com.erudex.test.login.LoginTestRA" name="testLogin" time="0.309"/>
  <testcase classname="com.erudex.test.login.LoginTestRA" name="testLogin" time="0.313"/>
  <testcase classname="com.erudex.test.login.LoginTestRA" name="testLogin" time="0.313"/>
  <testcase classname="com.erudex.test.login.LoginTestRA" name="testLoginWithSession" time="0.310"/>
  <testcase classname="com.erudex.test.login.LoginTestRA" name="testLoginWithSession" time="0.304"/>
  <testcase classname="com.erudex.test.login.LoginTestRA" name="testLoginWithSession" time="0.299"/>
  <testcase classname="com.erudex.test.login.LoginTestRA" name="testLogoutWithSession" time="0.355"/>
  <testcase classname="com.erudex.test.login.LoginTestRA" name="testLoginWithSession" time="0.348"/>
  <testcase classname="com.erudex.test.login.LoginTestRA" name="testLogoutWithSession" time="0.347"/>
  <testcase classname="com.erudex.test.login.LoginTestRA" name="testLogoutWithSession" time="0.338"/>
  <testcase classname="com.erudex.test.login.LoginTestRA" name="testLogoutWithSession" time="0.349"/>
  <testcase classname="com.erudex.test.login.LoginTestRA" name="testLogoutWithSession" time="0.336"/>
  <testcase classname="com.erudex.test.login.LoginTestRA" name="testLogin" time="0.322"/>
  <testcase classname="com.erudex.test.login.LoginTestRA" name="testLogin" time="0.349"/>
  <testcase classname="com.erudex.test.login.LoginTestRA" name="testLogoutWithSession" time="0.346"/>
  <testcase classname="com.erudex.test.login.LoginTestRA" name="testLogin" time="0.321"/>
  <testcase classname="com.erudex.test.login.LoginTestRA" name="testLogin" time="0.311"/>
  <testcase classname="com.erudex.test.login.LoginTestRA" name="testLoginWithSession" time="0.308"/>
  <testcase classname="com.erudex.test.login.LoginTestRA" name="testLoginWithSession" time="0.309"/>
  <testcase classname="com.erudex.test.login.LoginTestRA" name="testLogoutWithSession" time="0.301"/>
  <testcase classname="com.erudex.test.login.LoginTestRA" name="testLogoutWithSession" time="0.299"/>
  <testcase classname="com.erudex.test.login.LoginTestRA" name="testLogoutWithSession" time="0.368"/>
  <testcase classname="com.erudex.test.login.LoginTestRA" name="testLogoutWithSession" time="0.344"/>
  <testcase classname="com.erudex.test.login.LoginTestRA" name="testLogin" time="0.429"/>
  <testcase classname="com.erudex.test.login.LoginTestRA" name="testLogin" time="0.353"/>
  <testcase classname="com.erudex.test.login.LoginTestRA" name="testLoginWithSession" time="0.349"/>
  <testcase classname="com.erudex.test.login.LoginTestRA" name="testLoginWithSession" time="0.346"/>
  <testcase classname="com.erudex.test.login.LoginTestRA" name="testLogoutWithSession" time="0.310"/>
  <testcase classname="com.erudex.test.login.LoginTestRA" name="testLogoutWithSession" time="0.298"/>
  <testcase classname="com.erudex.test.login.LoginTestRA" name="testLogin" time="0.351"/>
  <testcase classname="com.erudex.test.login.LoginTestRA" name="testLoginWithSession" time="0.306"/>
  <testcase classname="com.erudex.test.login.LoginTestRA" name="testLogoutWithSession" time="0.302"/>
  <testcase classname="com.erudex.test.login.LoginTestRA" name="testLogoutWithSession" time="0.308"/>
  <testcase classname="com.erudex.test.login.LoginTestRA" name="testLogoutWithSession" time="0.306"/>
  <testcase classname="com.erudex.test.login.LoginTestRA" name="testLogin" time="0.324"/>
  <testcase classname="com.erudex.test.login.LoginTestRA" name="testLogin" time="0.317"/>
  <testcase classname="com.erudex.test.login.LoginTestRA" name="testLogin" time="0.360"/>
  <testcase classname="com.erudex.test.login.LoginTestRA" name="testLoginWithSession" time="0.295"/>
  <testcase classname="com.erudex.test.login.LoginTestRA" name="testLogoutWithSession" time="0.336"/>
  <testcase classname="com.erudex.test.login.LoginTestRA" name="testLogoutWithSession" time="0.294"/>
  <testcase classname="com.erudex.test.login.LoginTestRA" name="testLoginWithSession" time="0.302"/>
  <testcase classname="com.erudex.test.login.LoginTestRA" name="testLoginWithSession" time="0.309"/>
  <testcase classname="com.erudex.test.login.LoginTestRA" name="testLogin" time="0.355"/>
  <testcase classname="com.erudex.test.login.LoginTestRA" name="testLogin" time="0.337"/>
  <testcase classname="com.erudex.test.login.LoginTestRA" name="testLogin" time="0.361"/>
  <testcase classname="com.erudex.test.login.LoginTestRA" name="testLogin" time="0.356"/>
  <testcase classname="com.erudex.test.login.LoginTestRA" name="testLoginWithSession" time="0.343"/>
  <testcase classname="com.erudex.test.login.LoginTestRA" name="testLogoutWithSession" time="0.296"/>
  <testcase classname="com.erudex.test.login.LoginTestRA" name="testLogoutWithSession" time="0.300"/>
  <testcase classname="com.erudex.test.login.LoginTestRA" name="testLogoutWithSession" time="0.338"/>
  <testcase classname="com.erudex.test.login.LoginTestRA" name="testLogoutWithSession" time="0.311"/>
  <testcase classname="com.erudex.test.login.LoginTestRA" name="testLogoutWithSession" time="0.361"/>
  <testcase classname="com.erudex.test.login.LoginTestRA" name="testLogin" time="0.350"/>
  <testcase classname="com.erudex.test.login.LoginTestRA" name="testLogin" time="0.379"/>
  <testcase classname="com.erudex.test.login.LoginTestRA" name="testLogoutWithSession" time="0.308"/>
  <testcase classname="com.erudex.test.login.LoginTestRA" name="testLogin" time="0.318"/>
  <testcase classname="com.erudex.test.login.LoginTestRA" name="testLogoutWithSession" time="0.298"/>
  <testcase classname="com.erudex.test.login.LoginTestRA" name="testLogin" time="0.360"/>
  <testcase classname="com.erudex.test.login.LoginTestRA" name="testLogin" time="0.331"/>
  <testcase classname="com.erudex.test.login.LoginTestRA" name="testLogoutWithSession" time="0.347"/>
  <testcase classname="com.erudex.test.login.LoginTestRA" name="testLogin" time="0.349"/>
  <testcase classname="com.erudex.test.login.LoginTestRA" name="testLoginWithSession" time="0.350"/>
  <testcase classname="com.erudex.test.login.LoginTestRA" name="testLogoutWithSession" time="0.301"/>
  <testcase classname="com.erudex.test.login.LoginTestRA" name="testLogoutWithSession" time="0.342"/>
  <testcase classname="com.erudex.test.login.LoginTestRA" name="testLogoutWithSession" time="0.308"/>
  <testcase classname="com.erudex.test.login.LoginTestRA" name="testLogin" time="0.351"/>
  <testcase classname="com.erudex.test.login.LoginTestRA" name="testLogoutWithSession" time="0.307"/>
  <testcase classname="com.erudex.test.login.LoginTestRA" name="testLoginWithSession" time="0.311"/>
  <testcase classname="com.erudex.test.login.LoginTestRA" name="testLoginWithSession" time="0.338"/>
  <testcase classname="com.erudex.test.login.LoginTestRA" name="testLogoutWithSession" time="0.298"/>
  <testcase classname="com.erudex.test.login.LoginTestRA" name="testLogin" time="0.443"/>
  <testcase classname="com.erudex.test.login.LoginTestRA" name="testLogoutWithSession" time="0.726"/>
  <testcase classname="com.erudex.test.login.LoginTestRA" name="testLogoutWithSession" time="0.340"/>
  <testcase classname="com.erudex.test.login.LoginTestRA" name="testLoginWithSession" time="0.343"/>
  <testcase classname="com.erudex.test.login.LoginTestRA" name="testLogoutWithSession" time="0.737"/>
  <testcase classname="com.erudex.test.login.LoginTestRA" name="testLogin" time="0.319"/>
  <testcase classname="com.erudex.test.login.LoginTestRA" name="testLogin" time="0.354"/>
  <testcase classname="com.erudex.test.login.LoginTestRA" name="testLogoutWithSession" time="0.339"/>
  <testcase classname="com.erudex.test.login.LoginTestRA" name="testLogin" time="0.360"/>
  <testcase classname="com.erudex.test.login.LoginTestRA" name="testLogin" time="0.976"/>
  <testcase classname="com.erudex.test.login.LoginTestRA" name="testLogoutWithSession" time="0.329"/>
  <testcase classname="com.erudex.test.login.LoginTestRA" name="testLogoutWithSession" time="0.350"/>
  <testcase classname="com.erudex.test.login.LoginTestRA" name="testLogoutWithSession" time="0.346"/>
  <testcase classname="com.erudex.test.login.LoginTestRA" name="testLogoutWithSession" time="0.354"/>
  <testcase classname="com.erudex.test.login.LoginTestRA" name="testLogoutWithSession" time="0.362"/>
  <testcase classname="com.erudex.test.login.LoginTestRA" name="testLoginWithSession" time="0.345"/>
  <testcase classname="com.erudex.test.login.LoginTestRA" name="testLogin" time="0.327"/>
  <testcase classname="com.erudex.test.login.LoginTestRA" name="testLoginWithSession" time="0.357"/>
  <testcase classname="com.erudex.test.login.LoginTestRA" name="testLogoutWithSession" time="0.349"/>
  <testcase classname="com.erudex.test.login.LoginTestRA" name="testLogoutWithSession" time="0.346"/>
  <testcase classname="com.erudex.test.login.LoginTestRA" name="testLogoutWithSession" time="0.296"/>
  <testcase classname="com.erudex.test.login.LoginTestRA" name="testLogin" time="0.320"/>
  <testcase classname="com.erudex.test.login.LoginTestRA" name="testLoginWithSession" time="0.342"/>
  <testcase classname="com.erudex.test.login.LoginTestRA" name="testLogoutWithSession" time="0.360"/>
  <testcase classname="com.erudex.test.login.LoginTestRA" name="testLogoutWithSession" time="0.349"/>
  <testcase classname="com.erudex.test.login.LoginTestRA" name="testLoginWithSession" time="0.350"/>
  <testcase classname="com.erudex.test.login.LoginTestRA" name="testLogoutWithSession" time="0.344"/>
  <testcase classname="com.erudex.test.login.LoginTestRA" name="testLoginWithSession" time="0.379"/>
  <testcase classname="com.erudex.test.login.LoginTestRA" name="testLoginWithSession" time="0.352"/>
  <testcase classname="com.erudex.test.login.LoginTestRA" name="testLoginWithSession" time="0.334"/>
  <testcase classname="com.erudex.test.login.LoginTestRA" name="testLogoutWithSession" time="0.297"/>
  <testcase classname="com.erudex.test.login.LoginTestRA" name="testLogin" time="0.350"/>
  <testcase classname="com.erudex.test.login.LoginTestRA" name="testLogin" time="0.492"/>
  <testcase classname="com.erudex.test.login.LoginTestRA" name="testLogin" time="0.356"/>
  <testcase classname="com.erudex.test.login.LoginTestRA" name="testLogin" time="0.349"/>
  <testcase classname="com.erudex.test.login.LoginTestRA" name="testLogin" time="0.486"/>
  <testcase classname="com.erudex.test.login.LoginTestRA" name="testLogoutWithSession" time="0.340"/>
  <testcase classname="com.erudex.test.login.LoginTestRA" name="testLogin" time="0.937"/>
  <testcase classname="com.erudex.test.login.LoginTestRA" name="testLogoutWithSession" time="0.303"/>
  <testcase classname="com.erudex.test.login.LoginTestRA" name="testLogin" time="0.313"/>
  <testcase classname="com.erudex.test.login.LoginTestRA" name="testLoginWithSession" time="0.354"/>
  <testcase classname="com.erudex.test.login.LoginTestRA" name="testLoginWithSession" time="0.343"/>
  <testcase classname="com.erudex.test.login.LoginTestRA" name="testLoginWithSession" time="0.350"/>
  <testcase classname="com.erudex.test.login.LoginTestRA" name="testLogoutWithSession" time="0.299"/>
  <testcase classname="com.erudex.test.login.LoginTestRA" name="testLoginWithSession" time="0.350"/>
  <testcase classname="com.erudex.test.login.LoginTestRA" name="testLoginWithSession" time="0.293"/>
  <testcase classname="com.erudex.test.login.LoginTestRA" name="testLogin" time="0.330"/>
  <testcase classname="com.erudex.test.login.LoginTestRA" name="testLoginWithSession" time="0.353"/>
  <testcase classname="com.erudex.test.login.LoginTestRA" name="testLogoutWithSession" time="0.353"/>
  <testcase classname="com.erudex.test.login.LoginTestRA" name="testLogoutWithSession" time="0.693"/>
  <testcase classname="com.erudex.test.login.LoginTestRA" name="testLogoutWithSession" time="0.340"/>
  <testcase classname="com.erudex.test.login.LoginTestRA" name="testLogin" time="0.327"/>
  <testcase classname="com.erudex.test.login.LoginTestRA" name="testLogoutWithSession" time="0.298"/>
  <testcase classname="com.erudex.test.login.LoginTestRA" name="testLoginWithSession" time="0.301"/>
  <testcase classname="com.erudex.test.login.LoginTestRA" name="testLoginWithSession" time="0.312"/>
  <testcase classname="com.erudex.test.login.LoginTestRA" name="testLogoutWithSession" time="0.303"/>
  <testcase classname="com.erudex.test.login.LoginTestRA" name="testLogin" time="0.310"/>
  <testcase classname="com.erudex.test.login.LoginTestRA" name="testLogin" time="0.305"/>
  <testcase classname="com.erudex.test.login.LoginTestRA" name="testLoginWithSession" time="0.346"/>
  <testcase classname="com.erudex.test.login.LoginTestRA" name="testLogoutWithSession" time="0.302"/>
  <testcase classname="com.erudex.test.login.LoginTestRA" name="testLoginWithSession" time="0.306"/>
  <testcase classname="com.erudex.test.login.LoginTestRA" name="testLogoutWithSession" time="0.346"/>
  <testcase classname="com.erudex.test.login.LoginTestRA" name="testLogoutWithSession" time="0.302"/>
  <testcase classname="com.erudex.test.login.LoginTestRA" name="testLogoutWithSession" time="0.336"/>
  <testcase classname="com.erudex.test.login.LoginTestRA" name="testLoginWithSession" time="0.302"/>
  <testcase classname="com.erudex.test.login.LoginTestRA" name="testLogin" time="0.347"/>
  <testcase classname="com.erudex.test.login.LoginTestRA" name="testLogin" time="0.311"/>
  <testcase classname="com.erudex.test.login.LoginTestRA" name="testLoginWithSession" time="0.338"/>
  <testcase classname="com.erudex.test.login.LoginTestRA" name="testLoginWithSession" time="0.351"/>
  <testcase classname="com.erudex.test.login.LoginTestRA" name="testLogin" time="0.360"/>
  <testcase classname="com.erudex.test.login.LoginTestRA" name="testLoginWithSession" time="0.425"/>
  <testcase classname="com.erudex.test.login.LoginTestRA" name="testLogin" time="0.345"/>
  <testcase classname="com.erudex.test.login.LoginTestRA" name="testLogoutWithSession" time="0.303"/>
  <testcase classname="com.erudex.test.login.LoginTestRA" name="testLogin" time="0.331"/>
  <testcase classname="com.erudex.test.login.LoginTestRA" name="testLogoutWithSession" time="0.344"/>
  <testcase classname="com.erudex.test.login.LoginTestRA" name="testLogin" time="0.318"/>
  <testcase classname="com.erudex.test.login.LoginTestRA" name="testLogoutWithSession" time="0.329"/>
  <testcase classname="com.erudex.test.login.LoginTestRA" name="testLogoutWithSession" time="0.339"/>
  <testcase classname="com.erudex.test.login.LoginTestRA" name="testLogin" time="0.300"/>
  <testcase classname="com.erudex.test.login.LoginTestRA" name="testLogin" time="0.755"/>
  <testcase classname="com.erudex.test.login.LoginTestRA" name="testLogin" time="0.323"/>
  <testcase classname="com.erudex.test.login.LoginTestRA" name="testLoginWithSession" time="0.345"/>
  <testcase classname="com.erudex.test.login.LoginTestRA" name="testLogin" time="0.307"/>
  <testcase classname="com.erudex.test.login.LoginTestRA" name="testLogin" time="0.323"/>
  <testcase classname="com.erudex.test.login.LoginTestRA" name="testLogoutWithSession" time="0.357"/>
  <testcase classname="com.erudex.test.login.LoginTestRA" name="testLogoutWithSession" time="0.349"/>
  <testcase classname="com.erudex.test.login.LoginTestRA" name="testLogin" time="0.312"/>
  <testcase classname="com.erudex.test.login.LoginTestRA" name="testLoginWithSession" time="0.345"/>
  <testcase classname="com.erudex.test.login.LoginTestRA" name="testLoginWithSession" time="0.345"/>
  <testcase classname="com.erudex.test.login.LoginTestRA" name="testLogoutWithSession" time="0.307"/>
  <testcase classname="com.erudex.test.login.LoginTestRA" name="testLogoutWithSession" time="0.699"/>
  <testcase classname="com.erudex.test.login.LoginTestRA" name="testLoginWithSession" time="0.308"/>
  <testcase classname="com.erudex.test.login.LoginTestRA" name="testLoginWithSession" time="0.344"/>
  <testcase classname="com.erudex.test.login.LoginTestRA" name="testLoginWithSession" time="0.350"/>
  <testcase classname="com.erudex.test.login.LoginTestRA" name="testLogin" time="0.361"/>
  <testcase classname="com.erudex.test.login.LoginTestRA" name="testLogin" time="0.309"/>
  <testcase classname="com.erudex.test.login.LoginTestRA" name="testLogin" time="0.352"/>
  <testcase classname="com.erudex.test.login.LoginTestRA" name="testLogin" time="0.440"/>
  <testcase classname="com.erudex.test.login.LoginTestRA" name="testLoginWithSession" time="0.339"/>
  <testcase classname="com.erudex.test.login.LoginTestRA" name="testLogin" time="0.334"/>
  <testcase classname="com.erudex.test.login.LoginTestRA" name="testLoginWithSession" time="0.301"/>
  <testcase classname="com.erudex.test.login.LoginTestRA" name="testLoginWithSession" time="0.305"/>
  <testcase classname="com.erudex.test.login.LoginTestRA" name="testLogin" time="0.332"/>
  <testcase classname="com.erudex.test.login.LoginTestRA" name="testLoginWithSession" time="0.306"/>
  <testcase classname="com.erudex.test.login.LoginTestRA" name="testLoginWithSession" time="0.307"/>
  <testcase classname="com.erudex.test.login.LoginTestRA" name="testLogin" time="0.311"/>
  <testcase classname="com.erudex.test.login.LoginTestRA" name="testLoginWithSession" time="0.327"/>
  <testcase classname="com.erudex.test.login.LoginTestRA" name="testLogin" time="0.352"/>
  <testcase classname="com.erudex.test.login.LoginTestRA" name="testLogoutWithSession" time="0.341"/>
  <testcase classname="com.erudex.test.login.LoginTestRA" name="testLogin" time="0.381"/>
  <testcase classname="com.erudex.test.login.LoginTestRA" name="testLogin" time="0.322"/>
  <testcase classname="com.erudex.test.login.LoginTestRA" name="testLogin" time="0.314"/>
  <testcase classname="com.erudex.test.login.LoginTestRA" name="testLogin" time="0.323"/>
  <testcase classname="com.erudex.test.login.LoginTestRA" name="testLogoutWithSession" time="0.353"/>
  <testcase classname="com.erudex.test.login.LoginTestRA" name="testLogoutWithSession" time="0.300"/>
  <testcase classname="com.erudex.test.login.LoginTestRA" name="testLoginWithSession" time="0.300"/>
  <testcase classname="com.erudex.test.login.LoginTestRA" name="testLoginWithSession" time="0.449"/>
  <testcase classname="com.erudex.test.login.LoginTestRA" name="testLoginWithSession" time="0.333"/>
  <testcase classname="com.erudex.test.login.LoginTestRA" name="testLoginWithSession" time="0.349"/>
  <testcase classname="com.erudex.test.login.LoginTestRA" name="testLogoutWithSession" time="0.299"/>
  <testcase classname="com.erudex.test.login.LoginTestRA" name="testLogin" time="0.342"/>
  <testcase classname="com.erudex.test.login.LoginTestRA" name="testLogoutWithSession" time="0.344"/>
  <testcase classname="com.erudex.test.login.LoginTestRA" name="testLoginWithSession" time="0.303"/>
  <testcase classname="com.erudex.test.login.LoginTestRA" name="testLogoutWithSession" time="0.298"/>
  <testcase classname="com.erudex.test.login.LoginTestRA" name="testLogin" time="0.330"/>
  <testcase classname="com.erudex.test.login.LoginTestRA" name="testLogin" time="0.323"/>
  <testcase classname="com.erudex.test.login.LoginTestRA" name="testLogin" time="0.832"/>
  <testcase classname="com.erudex.test.login.LoginTestRA" name="testLoginWithSession" time="0.342"/>
  <testcase classname="com.erudex.test.login.LoginTestRA" name="testLogoutWithSession" time="0.345"/>
  <testcase classname="com.erudex.test.login.LoginTestRA" name="testLogoutWithSession" time="0.334"/>
  <testcase classname="com.erudex.test.login.LoginTestRA" name="testLogoutWithSession" time="0.307"/>
  <testcase classname="com.erudex.test.login.LoginTestRA" name="testLogoutWithSession" time="0.483"/>
  <testcase classname="com.erudex.test.login.LoginTestRA" name="testLogoutWithSession" time="0.346"/>
  <testcase classname="com.erudex.test.login.LoginTestRA" name="testLogoutWithSession" time="0.298"/>
  <testcase classname="com.erudex.test.login.LoginTestRA" name="testLogoutWithSession" time="0.348"/>
  <testcase classname="com.erudex.test.login.LoginTestRA" name="testLogoutWithSession" time="0.338"/>
  <testcase classname="com.erudex.test.login.LoginTestRA" name="testLogoutWithSession" time="0.331"/>
  <testcase classname="com.erudex.test.login.LoginTestRA" name="testLogin" time="0.727"/>
  <testcase classname="com.erudex.test.login.LoginTestRA" name="testLoginWithSession" time="0.355"/>
  <testcase classname="com.erudex.test.login.LoginTestRA" name="testLogoutWithSession" time="0.340"/>
  <testcase classname="com.erudex.test.login.LoginTestRA" name="testLogoutWithSession" time="0.303"/>
  <testcase classname="com.erudex.test.login.LoginTestRA" name="testLogin" time="0.310"/>
  <testcase classname="com.erudex.test.login.LoginTestRA" name="testLogoutWithSession" time="0.339"/>
  <testcase classname="com.erudex.test.login.LoginTestRA" name="testLogoutWithSession" time="0.339"/>
  <testcase classname="com.erudex.test.login.LoginTestRA" name="testLogoutWithSession" time="0.343"/>
  <testcase classname="com.erudex.test.login.LoginTestRA" name="testLogin" time="0.315"/>
  <testcase classname="com.erudex.test.login.LoginTestRA" name="testLogoutWithSession" time="0.343"/>
  <testcase classname="com.erudex.test.login.LoginTestRA" name="testLogin" time="0.319"/>
  <testcase classname="com.erudex.test.login.LoginTestRA" name="testLogoutWithSession" time="0.303"/>
  <testcase classname="com.erudex.test.login.LoginTestRA" name="testLogin" time="0.386"/>
  <testcase classname="com.erudex.test.login.LoginTestRA" name="testLoginWithSession" time="0.351"/>
  <testcase classname="com.erudex.test.login.LoginTestRA" name="testLogin" time="0.375"/>
  <testcase classname="com.erudex.test.login.LoginTestRA" name="testLoginWithSession" time="0.342"/>
  <testcase classname="com.erudex.test.login.LoginTestRA" name="testLoginWithSession" time="0.342"/>
  <testcase classname="com.erudex.test.login.LoginTestRA" name="testLogoutWithSession" time="0.340"/>
  <testcase classname="com.erudex.test.login.LoginTestRA" name="testLoginWithSession" time="0.350"/>
  <testcase classname="com.erudex.test.login.LoginTestRA" name="testLogin" time="0.315"/>
  <testcase classname="com.erudex.test.login.LoginTestRA" name="testLogoutWithSession" time="0.342"/>
  <testcase classname="com.erudex.test.login.LoginTestRA" name="testLoginWithSession" time="0.305"/>
  <testcase classname="com.erudex.test.login.LoginTestRA" name="testLoginWithSession" time="0.310"/>
  <testcase classname="com.erudex.test.login.LoginTestRA" name="testLoginWithSession" time="0.301"/>
  <testcase classname="com.erudex.test.login.LoginTestRA" name="testLoginWithSession" time="0.353"/>
  <testcase classname="com.erudex.test.login.LoginTestRA" name="testLogoutWithSession" time="0.312"/>
  <testcase classname="com.erudex.test.login.LoginTestRA" name="testLogoutWithSession" time="0.350"/>
  <testcase classname="com.erudex.test.login.LoginTestRA" name="testLogin" time="0.358"/>
  <testcase classname="com.erudex.test.login.LoginTestRA" name="testLogin" time="0.385"/>
  <testcase classname="com.erudex.test.login.LoginTestRA" name="testLogoutWithSession" time="0.311"/>
  <testcase classname="com.erudex.test.login.LoginTestRA" name="testLogoutWithSession" time="0.724"/>
  <testcase classname="com.erudex.test.login.LoginTestRA" name="testLoginWithSession" time="0.291"/>
  <testcase classname="com.erudex.test.login.LoginTestRA" name="testLogin" time="0.337"/>
  <testcase classname="com.erudex.test.login.LoginTestRA" name="testLogin" time="0.309"/>
  <testcase classname="com.erudex.test.login.LoginTestRA" name="testLogoutWithSession" time="0.336"/>
  <testcase classname="com.erudex.test.login.LoginTestRA" name="testLogoutWithSession" time="0.344"/>
  <testcase classname="com.erudex.test.login.LoginTestRA" name="testLoginWithSession" time="0.311"/>
  <testcase classname="com.erudex.test.login.LoginTestRA" name="testLogoutWithSession" time="0.353"/>
  <testcase classname="com.erudex.test.login.LoginTestRA" name="testLogoutWithSession" time="0.353"/>
  <testcase classname="com.erudex.test.login.LoginTestRA" name="testLoginWithSession" time="0.342"/>
  <testcase classname="com.erudex.test.login.LoginTestRA" name="testLogoutWithSession" time="0.347"/>
  <testcase classname="com.erudex.test.login.LoginTestRA" name="testLogin" time="0.328"/>
  <testcase classname="com.erudex.test.login.LoginTestRA" name="testLogin" time="0.357"/>
  <testcase classname="com.erudex.test.login.LoginTestRA" name="testLogoutWithSession" time="0.299"/>
  <testcase classname="com.erudex.test.login.LoginTestRA" name="testLogoutWithSession" time="0.358"/>
  <testcase classname="com.erudex.test.login.LoginTestRA" name="testLogin" time="0.440"/>
  <testcase classname="com.erudex.test.login.LoginTestRA" name="testLogoutWithSession" time="0.305"/>
  <testcase classname="com.erudex.test.login.LoginTestRA" name="testLogoutWithSession" time="0.299"/>
  <testcase classname="com.erudex.test.login.LoginTestRA" name="testLogoutWithSession" time="0.299"/>
  <testcase classname="com.erudex.test.login.LoginTestRA" name="testLogoutWithSession" time="0.306"/>
  <testcase classname="com.erudex.test.login.LoginTestRA" name="testLogin" time="0.469"/>
  <testcase classname="com.erudex.test.login.LoginTestRA" name="testLogin" time="0.362"/>
  <testcase classname="com.erudex.test.login.LoginTestRA" name="testLogoutWithSession" time="0.340"/>
  <testcase classname="com.erudex.test.login.LoginTestRA" name="testLoginWithSession" time="0.344"/>
  <testcase classname="com.erudex.test.login.LoginTestRA" name="testLogin" time="0.704"/>
  <testcase classname="com.erudex.test.login.LoginTestRA" name="testLoginWithSession" time="0.337"/>
  <testcase classname="com.erudex.test.login.LoginTestRA" name="testLogin" time="0.359"/>
  <testcase classname="com.erudex.test.login.LoginTestRA" name="testLoginWithSession" time="0.346"/>
  <testcase classname="com.erudex.test.login.LoginTestRA" name="testLogin" time="0.315"/>
  <testcase classname="com.erudex.test.login.LoginTestRA" name="testLoginWithSession" time="0.315"/>
  <testcase classname="com.erudex.test.login.LoginTestRA" name="testLogoutWithSession" time="0.346"/>
  <testcase classname="com.erudex.test.login.LoginTestRA" name="testLogin" time="0.349"/>
  <testcase classname="com.erudex.test.login.LoginTestRA" name="testLogoutWithSession" time="0.334"/>
  <testcase classname="com.erudex.test.login.LoginTestRA" name="testLogoutWithSession" time="0.349"/>
  <testcase classname="com.erudex.test.login.LoginTestRA" name="testLogin" time="0.322"/>
  <testcase classname="com.erudex.test.login.LoginTestRA" name="testLogoutWithSession" time="0.305"/>
  <testcase classname="com.erudex.test.login.LoginTestRA" name="testLogin" time="0.381"/>
  <testcase classname="com.erudex.test.login.LoginTestRA" name="testLogin" time="0.320"/>
  <testcase classname="com.erudex.test.login.LoginTestRA" name="testLoginWithSession" time="0.337"/>
  <testcase classname="com.erudex.test.login.LoginTestRA" name="testLogin" time="0.374"/>
  <testcase classname="com.erudex.test.login.LoginTestRA" name="testLoginWithSession" time="0.347"/>
  <testcase classname="com.erudex.test.login.LoginTestRA" name="testLogoutWithSession" time="0.697"/>
  <testcase classname="com.erudex.test.login.LoginTestRA" name="testLogin" time="0.426"/>
  <testcase classname="com.erudex.test.login.LoginTestRA" name="testLogoutWithSession" time="0.344"/>
  <testcase classname="com.erudex.test.login.LoginTestRA" name="testLogin" time="0.347"/>
  <testcase classname="com.erudex.test.login.LoginTestRA" name="testLogin" time="0.323"/>
  <testcase classname="com.erudex.test.login.LoginTestRA" name="testLogin" time="0.355"/>
  <testcase classname="com.erudex.test.login.LoginTestRA" name="testLoginWithSession" time="0.343"/>
  <testcase classname="com.erudex.test.login.LoginTestRA" name="testLoginWithSession" time="0.307"/>
  <testcase classname="com.erudex.test.login.LoginTestRA" name="testLogoutWithSession" time="0.345"/>
  <testcase classname="com.erudex.test.login.LoginTestRA" name="testLogin" time="0.330"/>
  <testcase classname="com.erudex.test.login.LoginTestRA" name="testLogoutWithSession" time="0.342"/>
  <testcase classname="com.erudex.test.login.LoginTestRA" name="testLogoutWithSession" time="0.350"/>
  <testcase classname="com.erudex.test.login.LoginTestRA" name="testLogoutWithSession" time="0.307"/>
  <testcase classname="com.erudex.test.login.LoginTestRA" name="testLogoutWithSession" time="0.451"/>
  <testcase classname="com.erudex.test.login.LoginTestRA" name="testLoginWithSession" time="0.350"/>
  <testcase classname="com.erudex.test.login.LoginTestRA" name="testLoginWithSession" time="0.312"/>
  <testcase classname="com.erudex.test.login.LoginTestRA" name="testLoginWithSession" time="0.351"/>
  <testcase classname="com.erudex.test.login.LoginTestRA" name="testLogoutWithSession" time="0.359"/>
  <testcase classname="com.erudex.test.login.LoginTestRA" name="testLoginWithSession" time="0.356"/>
  <testcase classname="com.erudex.test.login.LoginTestRA" name="testLogoutWithSession" time="0.703"/>
  <testcase classname="com.erudex.test.login.LoginTestRA" name="testLogin" time="0.336"/>
  <testcase classname="com.erudex.test.login.LoginTestRA" name="testLoginWithSession" time="0.302"/>
  <testcase classname="com.erudex.test.login.LoginTestRA" name="testLoginWithSession" time="0.334"/>
  <testcase classname="com.erudex.test.login.LoginTestRA" name="testLogin" time="0.323"/>
  <testcase classname="com.erudex.test.login.LoginTestRA" name="testLogoutWithSession" time="0.302"/>
  <testcase classname="com.erudex.test.login.LoginTestRA" name="testLogin" time="0.319"/>
  <testcase classname="com.erudex.test.login.LoginTestRA" name="testLoginWithSession" time="0.312"/>
  <testcase classname="com.erudex.test.login.LoginTestRA" name="testLogoutWithSession" time="0.343"/>
  <testcase classname="com.erudex.test.login.LoginTestRA" name="testLogoutWithSession" time="0.457"/>
  <testcase classname="com.erudex.test.login.LoginTestRA" name="testLoginWithSession" time="0.306"/>
  <testcase classname="com.erudex.test.login.LoginTestRA" name="testLogin" time="0.371"/>
  <testcase classname="com.erudex.test.login.LoginTestRA" name="testLogin" time="0.307"/>
  <testcase classname="com.erudex.test.login.LoginTestRA" name="testLogin" time="0.428"/>
  <testcase classname="com.erudex.test.login.LoginTestRA" name="testLogoutWithSession" time="0.298"/>
  <testcase classname="com.erudex.test.login.LoginTestRA" name="testLoginWithSession" time="0.302"/>
  <testcase classname="com.erudex.test.login.LoginTestRA" name="testLoginWithSession" time="0.345"/>
  <testcase classname="com.erudex.test.login.LoginTestRA" name="testLoginWithSession" time="0.298"/>
  <testcase classname="com.erudex.test.login.LoginTestRA" name="testLoginWithSession" time="0.303"/>
  <testcase classname="com.erudex.test.login.LoginTestRA" name="testLogin" time="0.356"/>
  <testcase classname="com.erudex.test.login.LoginTestRA" name="testLoginWithSession" time="0.356"/>
  <testcase classname="com.erudex.test.login.LoginTestRA" name="testLogin" time="0.376"/>
  <testcase classname="com.erudex.test.login.LoginTestRA" name="testLogin" time="0.359"/>
  <testcase classname="com.erudex.test.login.LoginTestRA" name="testLoginWithSession" time="0.343"/>
  <testcase classname="com.erudex.test.login.LoginTestRA" name="testLoginWithSession" time="0.342"/>
  <testcase classname="com.erudex.test.login.LoginTestRA" name="testLoginWithSession" time="0.358"/>
  <testcase classname="com.erudex.test.login.LoginTestRA" name="testLogoutWithSession" time="0.459"/>
  <testcase classname="com.erudex.test.login.LoginTestRA" name="testLoginWithSession" time="0.352"/>
  <testcase classname="com.erudex.test.login.LoginTestRA" name="testLogin" time="0.307"/>
  <testcase classname="com.erudex.test.login.LoginTestRA" name="testLoginWithSession" time="0.350"/>
  <testcase classname="com.erudex.test.login.LoginTestRA" name="testLogin" time="0.727"/>
  <testcase classname="com.erudex.test.login.LoginTestRA" name="testLogin" time="2.561"/>
  <testcase classname="com.erudex.test.login.LoginTestRA" name="testLogin" time="0.322"/>
  <testcase classname="com.erudex.test.login.LoginTestRA" name="testLogoutWithSession" time="0.338"/>
  <testcase classname="com.erudex.test.login.LoginTestRA" name="testLogin" time="0.323"/>
  <testcase classname="com.erudex.test.login.LoginTestRA" name="testLoginWithSession" time="0.352"/>
  <testcase classname="com.erudex.test.login.LoginTestRA" name="testLogoutWithSession" time="0.354"/>
  <testcase classname="com.erudex.test.login.LoginTestRA" name="testLogin" time="0.307"/>
  <testcase classname="com.erudex.test.login.LoginTestRA" name="testLogoutWithSession" time="0.348"/>
  <testcase classname="com.erudex.test.login.LoginTestRA" name="testLogin" time="0.324"/>
  <testcase classname="com.erudex.test.login.LoginTestRA" name="testLoginWithSession" time="0.307"/>
  <testcase classname="com.erudex.test.login.LoginTestRA" name="testLogin" time="0.359"/>
  <testcase classname="com.erudex.test.login.LoginTestRA" name="testLogin" time="0.350"/>
  <testcase classname="com.erudex.test.login.LoginTestRA" name="testLoginWithSession" time="0.337"/>
  <testcase classname="com.erudex.test.login.LoginTestRA" name="testLogin" time="0.319"/>
  <testcase classname="com.erudex.test.login.LoginTestRA" name="testLoginWithSession" time="0.346"/>
  <testcase classname="com.erudex.test.login.LoginTestRA" name="testLogoutWithSession" time="0.294"/>
  <testcase classname="com.erudex.test.login.LoginTestRA" name="testLoginWithSession" time="0.315"/>
  <testcase classname="com.erudex.test.login.LoginTestRA" name="testLogoutWithSession" time="0.345"/>
  <testcase classname="com.erudex.test.login.LoginTestRA" name="testLogin" time="0.336"/>
  <testcase classname="com.erudex.test.login.LoginTestRA" name="testLogoutWithSession" time="0.305"/>
  <testcase classname="com.erudex.test.login.LoginTestRA" name="testLogin" time="0.338"/>
  <testcase classname="com.erudex.test.login.LoginTestRA" name="testLogin" time="0.426"/>
  <testcase classname="com.erudex.test.login.LoginTestRA" name="testLogin" time="0.331"/>
  <testcase classname="com.erudex.test.login.LoginTestRA" name="testLogin" time="0.328"/>
  <testcase classname="com.erudex.test.login.LoginTestRA" name="testLoginWithSession" time="0.349"/>
  <testcase classname="com.erudex.test.login.LoginTestRA" name="testLoginWithSession" time="0.354"/>
  <testcase classname="com.erudex.test.login.LoginTestRA" name="testLogin" time="0.324"/>
  <testcase classname="com.erudex.test.login.LoginTestRA" name="testLogoutWithSession" time="0.324"/>
  <testcase classname="com.erudex.test.login.LoginTestRA" name="testLogoutWithSession" time="0.340"/>
  <testcase classname="com.erudex.test.login.LoginTestRA" name="testLogin" time="0.439"/>
  <testcase classname="com.erudex.test.login.LoginTestRA" name="testLogin" time="0.310"/>
  <testcase classname="com.erudex.test.login.LoginTestRA" name="testLoginWithSession" time="0.349"/>
  <testcase classname="com.erudex.test.login.LoginTestRA" name="testLoginWithSession" time="0.303"/>
  <testcase classname="com.erudex.test.login.LoginTestRA" name="testLoginWithSession" time="0.322"/>
  <testcase classname="com.erudex.test.login.LoginTestRA" name="testLogin" time="0.315"/>
  <testcase classname="com.erudex.test.login.LoginTestRA" name="testLogoutWithSession" time="0.296"/>
  <testcase classname="com.erudex.test.login.LoginTestRA" name="testLogin" time="0.315"/>
  <testcase classname="com.erudex.test.login.LoginTestRA" name="testLoginWithSession" time="0.301"/>
  <testcase classname="com.erudex.test.login.LoginTestRA" name="testLoginWithSession" time="0.305"/>
  <testcase classname="com.erudex.test.login.LoginTestRA" name="testLogoutWithSession" time="0.299"/>
  <testcase classname="com.erudex.test.login.LoginTestRA" name="testLoginWithSession" time="0.342"/>
  <testcase classname="com.erudex.test.login.LoginTestRA" name="testLogoutWithSession" time="0.304"/>
  <testcase classname="com.erudex.test.login.LoginTestRA" name="testLoginWithSession" time="0.353"/>
  <testcase classname="com.erudex.test.login.LoginTestRA" name="testLogin" time="0.322"/>
  <testcase classname="com.erudex.test.login.LoginTestRA" name="testLogoutWithSession" time="0.694"/>
  <testcase classname="com.erudex.test.login.LoginTestRA" name="testLogoutWithSession" time="0.331"/>
  <testcase classname="com.erudex.test.login.LoginTestRA" name="testLoginWithSession" time="0.299"/>
  <testcase classname="com.erudex.test.login.LoginTestRA" name="testLogoutWithSession" time="0.299"/>
  <testcase classname="com.erudex.test.login.LoginTestRA" name="testLogin" time="0.327"/>
  <testcase classname="com.erudex.test.login.LoginTestRA" name="testLogin" time="0.374"/>
  <testcase classname="com.erudex.test.login.LoginTestRA" name="testLoginWithSession" time="0.352"/>
  <testcase classname="com.erudex.test.login.LoginTestRA" name="testLogoutWithSession" time="0.310"/>
  <testcase classname="com.erudex.test.login.LoginTestRA" name="testLogin" time="0.347"/>
  <testcase classname="com.erudex.test.login.LoginTestRA" name="testLogoutWithSession" time="0.347"/>
  <testcase classname="com.erudex.test.login.LoginTestRA" name="testLoginWithSession" time="0.362"/>
  <testcase classname="com.erudex.test.login.LoginTestRA" name="testLoginWithSession" time="0.298"/>
  <testcase classname="com.erudex.test.login.LoginTestRA" name="testLogoutWithSession" time="0.293"/>
  <testcase classname="com.erudex.test.login.LoginTestRA" name="testLogin" time="0.397"/>
  <testcase classname="com.erudex.test.login.LoginTestRA" name="testLoginWithSession" time="0.340"/>
  <testcase classname="com.erudex.test.login.LoginTestRA" name="testLoginWithSession" time="0.340"/>
  <testcase classname="com.erudex.test.login.LoginTestRA" name="testLogoutWithSession" time="0.308"/>
  <testcase classname="com.erudex.test.login.LoginTestRA" name="testLogoutWithSession" time="0.360"/>
  <testcase classname="com.erudex.test.login.LoginTestRA" name="testLogin" time="0.324"/>
  <testcase classname="com.erudex.test.login.LoginTestRA" name="testLogin" time="0.352"/>
  <testcase classname="com.erudex.test.login.LoginTestRA" name="testLogin" time="0.317"/>
  <testcase classname="com.erudex.test.login.LoginTestRA" name="testLogoutWithSession" time="0.342"/>
  <testcase classname="com.erudex.test.login.LoginTestRA" name="testLoginWithSession" time="0.319"/>
  <testcase classname="com.erudex.test.login.LoginTestRA" name="testLogin" time="0.314"/>
  <testcase classname="com.erudex.test.login.LoginTestRA" name="testLoginWithSession" time="0.351"/>
  <testcase classname="com.erudex.test.login.LoginTestRA" name="testLogoutWithSession" time="0.339"/>
  <testcase classname="com.erudex.test.login.LoginTestRA" name="testLogin" time="0.305"/>
  <testcase classname="com.erudex.test.login.LoginTestRA" name="testLogin" time="0.328"/>
  <testcase classname="com.erudex.test.login.LoginTestRA" name="testLogin" time="0.481"/>
  <testcase classname="com.erudex.test.login.LoginTestRA" name="testLoginWithSession" time="0.303"/>
  <testcase classname="com.erudex.test.login.LoginTestRA" name="testLogin" time="0.355"/>
  <testcase classname="com.erudex.test.login.LoginTestRA" name="testLogin" time="0.342"/>
  <testcase classname="com.erudex.test.login.LoginTestRA" name="testLogin" time="0.310"/>
  <testcase classname="com.erudex.test.login.LoginTestRA" name="testLoginWithSession" time="0.704"/>
  <testcase classname="com.erudex.test.login.LoginTestRA" name="testLogoutWithSession" time="0.343"/>
  <testcase classname="com.erudex.test.login.LoginTestRA" name="testLogoutWithSession" time="0.296"/>
  <testcase classname="com.erudex.test.login.LoginTestRA" name="testLoginWithSession" time="0.352"/>
  <testcase classname="com.erudex.test.login.LoginTestRA" name="testLoginWithSession" time="0.316"/>
  <testcase classname="com.erudex.test.login.LoginTestRA" name="testLoginWithSession" time="0.346"/>
  <testcase classname="com.erudex.test.login.LoginTestRA" name="testLogoutWithSession" time="0.327"/>
  <testcase classname="com.erudex.test.login.LoginTestRA" name="testLoginWithSession" time="0.349"/>
  <testcase classname="com.erudex.test.login.LoginTestRA" name="testLogoutWithSession" time="0.342"/>
  <testcase classname="com.erudex.test.login.LoginTestRA" name="testLoginWithSession" time="0.306"/>
  <testcase classname="com.erudex.test.login.LoginTestRA" name="testLoginWithSession" time="0.303"/>
  <testcase classname="com.erudex.test.login.LoginTestRA" name="testLogin" time="0.359"/>
  <testcase classname="com.erudex.test.login.LoginTestRA" name="testLogoutWithSession" time="0.347"/>
  <testcase classname="com.erudex.test.login.LoginTestRA" name="testLogoutWithSession" time="0.345"/>
  <testcase classname="com.erudex.test.login.LoginTestRA" name="testLoginWithSession" time="0.295"/>
  <testcase classname="com.erudex.test.login.LoginTestRA" name="testLogin" time="0.357"/>
  <testcase classname="com.erudex.test.login.LoginTestRA" name="testLogoutWithSession" time="0.301"/>
  <testcase classname="com.erudex.test.login.LoginTestRA" name="testLogoutWithSession" time="0.312"/>
  <testcase classname="com.erudex.test.login.LoginTestRA" name="testLoginWithSession" time="0.393"/>
  <testcase classname="com.erudex.test.login.LoginTestRA" name="testLoginWithSession" time="0.340"/>
  <testcase classname="com.erudex.test.login.LoginTestRA" name="testLogoutWithSession" time="0.300"/>
  <testcase classname="com.erudex.test.login.LoginTestRA" name="testLogoutWithSession" time="0.310"/>
  <testcase classname="com.erudex.test.login.LoginTestRA" name="testLogoutWithSession" time="0.443"/>
  <testcase classname="com.erudex.test.login.LoginTestRA" name="testLogin" time="0.528"/>
  <testcase classname="com.erudex.test.login.LoginTestRA" name="testLogin" time="0.829"/>
  <testcase classname="com.erudex.test.login.LoginTestRA" name="testLoginWithSession" time="0.337"/>
  <testcase classname="com.erudex.test.login.LoginTestRA" name="testLogin" time="0.333"/>
  <testcase classname="com.erudex.test.login.LoginTestRA" name="testLogin" time="0.309"/>
  <testcase classname="com.erudex.test.login.LoginTestRA" name="testLogin" time="0.318"/>
  <testcase classname="com.erudex.test.login.LoginTestRA" name="testLogin" time="0.330"/>
  <testcase classname="com.erudex.test.login.LoginTestRA" name="testLogoutWithSession" time="0.305"/>
  <testcase classname="com.erudex.test.login.LoginTestRA" name="testLogoutWithSession" time="0.308"/>
  <testcase classname="com.erudex.test.login.LoginTestRA" name="testLogoutWithSession" time="0.365"/>
  <testcase classname="com.erudex.test.login.LoginTestRA" name="testLogin" time="0.328"/>
  <testcase classname="com.erudex.test.login.LoginTestRA" name="testLogin" time="0.324"/>
  <testcase classname="com.erudex.test.login.LoginTestRA" name="testLogoutWithSession" time="0.301"/>
  <testcase classname="com.erudex.test.login.LoginTestRA" name="testLoginWithSession" time="0.302"/>
  <testcase classname="com.erudex.test.login.LoginTestRA" name="testLogoutWithSession" time="0.347"/>
  <testcase classname="com.erudex.test.login.LoginTestRA" name="testLoginWithSession" time="0.342"/>
  <testcase classname="com.erudex.test.login.LoginTestRA" name="testLogoutWithSession" time="0.354"/>
  <testcase classname="com.erudex.test.login.LoginTestRA" name="testLogin" time="0.358"/>
  <testcase classname="com.erudex.test.login.LoginTestRA" name="testLogoutWithSession" time="0.339"/>
  <testcase classname="com.erudex.test.login.LoginTestRA" name="testLoginWithSession" time="0.437"/>
  <testcase classname="com.erudex.test.login.LoginTestRA" name="testLogoutWithSession" time="0.347"/>
  <testcase classname="com.erudex.test.login.LoginTestRA" name="testLogin" time="0.325"/>
  <testcase classname="com.erudex.test.login.LoginTestRA" name="testLoginWithSession" time="0.346"/>
  <testcase classname="com.erudex.test.login.LoginTestRA" name="testLoginWithSession" time="0.349"/>
  <testcase classname="com.erudex.test.login.LoginTestRA" name="testLogin" time="0.325"/>
  <testcase classname="com.erudex.test.login.LoginTestRA" name="testLogoutWithSession" time="0.346"/>
  <testcase classname="com.erudex.test.login.LoginTestRA" name="testLogoutWithSession" time="0.346"/>
  <testcase classname="com.erudex.test.login.LoginTestRA" name="testLogin" time="0.313"/>
  <testcase classname="com.erudex.test.login.LoginTestRA" name="testLoginWithSession" time="0.346"/>
  <testcase classname="com.erudex.test.login.LoginTestRA" name="testLogin" time="0.303"/>
  <testcase classname="com.erudex.test.login.LoginTestRA" name="testLogin" time="0.392"/>
  <testcase classname="com.erudex.test.login.LoginTestRA" name="testLogoutWithSession" time="0.335"/>
  <testcase classname="com.erudex.test.login.LoginTestRA" name="testLogin" time="0.346"/>
  <testcase classname="com.erudex.test.login.LoginTestRA" name="testLogin" time="0.440"/>
  <testcase classname="com.erudex.test.login.LoginTestRA" name="testLoginWithSession" time="0.298"/>
  <testcase classname="com.erudex.test.login.LoginTestRA" name="testLogin" time="0.309"/>
  <testcase classname="com.erudex.test.login.LoginTestRA" name="testLogoutWithSession" time="0.341"/>
  <testcase classname="com.erudex.test.login.LoginTestRA" name="testLoginWithSession" time="0.416"/>
  <testcase classname="com.erudex.test.login.LoginTestRA" name="testLogoutWithSession" time="0.344"/>
  <testcase classname="com.erudex.test.login.LoginTestRA" name="testLoginWithSession" time="0.355"/>
  <testcase classname="com.erudex.test.login.LoginTestRA" name="testLogoutWithSession" time="0.305"/>
  <testcase classname="com.erudex.test.login.LoginTestRA" name="testLogin" time="0.371"/>
  <testcase classname="com.erudex.test.login.LoginTestRA" name="testLoginWithSession" time="0.733"/>
  <testcase classname="com.erudex.test.login.LoginTestRA" name="testLoginWithSession" time="0.341"/>
  <testcase classname="com.erudex.test.login.LoginTestRA" name="testLogin" time="0.485"/>
  <testcase classname="com.erudex.test.login.LoginTestRA" name="testLoginWithSession" time="0.338"/>
  <testcase classname="com.erudex.test.login.LoginTestRA" name="testLogin" time="0.808"/>
  <testcase classname="com.erudex.test.login.LoginTestRA" name="testLogoutWithSession" time="0.342"/>
  <testcase classname="com.erudex.test.login.LoginTestRA" name="testLoginWithSession" time="0.323"/>
  <testcase classname="com.erudex.test.login.LoginTestRA" name="testLogoutWithSession" time="0.348"/>
  <testcase classname="com.erudex.test.login.LoginTestRA" name="testLogoutWithSession" time="0.307"/>
  <testcase classname="com.erudex.test.login.LoginTestRA" name="testLogoutWithSession" time="0.324"/>
  <testcase classname="com.erudex.test.login.LoginTestRA" name="testLogoutWithSession" time="0.291"/>
  <testcase classname="com.erudex.test.login.LoginTestRA" name="testLogoutWithSession" time="0.356"/>
  <testcase classname="com.erudex.test.login.LoginTestRA" name="testLogin" time="0.306"/>
  <testcase classname="com.erudex.test.login.LoginTestRA" name="testLogin" time="0.325"/>
  <testcase classname="com.erudex.test.login.LoginTestRA" name="testLoginWithSession" time="0.301"/>
  <testcase classname="com.erudex.test.login.LoginTestRA" name="testLoginWithSession" time="0.356"/>
  <testcase classname="com.erudex.test.login.LoginTestRA" name="testLoginWithSession" time="0.343"/>
  <testcase classname="com.erudex.test.login.LoginTestRA" name="testLogoutWithSession" time="0.307"/>
  <testcase classname="com.erudex.test.login.LoginTestRA" name="testLogoutWithSession" time="0.346"/>
  <testcase classname="com.erudex.test.login.LoginTestRA" name="testLogoutWithSession" time="0.349"/>
  <testcase classname="com.erudex.test.login.LoginTestRA" name="testLogin" time="0.321"/>
  <testcase classname="com.erudex.test.login.LoginTestRA" name="testLoginWithSession" time="0.298"/>
  <testcase classname="com.erudex.test.login.LoginTestRA" name="testLoginWithSession" time="0.299"/>
  <testcase classname="com.erudex.test.login.LoginTestRA" name="testLogoutWithSession" time="0.375"/>
  <testcase classname="com.erudex.test.login.LoginTestRA" name="testLogoutWithSession" time="0.338"/>
  <testcase classname="com.erudex.test.login.LoginTestRA" name="testLogin" time="0.316"/>
  <testcase classname="com.erudex.test.login.LoginTestRA" name="testLogin" time="0.971"/>
  <testcase classname="com.erudex.test.login.LoginTestRA" name="testLogoutWithSession" time="0.333"/>
  <testcase classname="com.erudex.test.login.LoginTestRA" name="testLogin" time="0.306"/>
  <testcase classname="com.erudex.test.login.LoginTestRA" name="testLogoutWithSession" time="0.304"/>
  <testcase classname="com.erudex.test.login.LoginTestRA" name="testLogin" time="0.316"/>
  <testcase classname="com.erudex.test.login.LoginTestRA" name="testLogin" time="0.306"/>
  <testcase classname="com.erudex.test.login.LoginTestRA" name="testLogoutWithSession" time="0.355"/>
  <testcase classname="com.erudex.test.login.LoginTestRA" name="testLoginWithSession" time="0.380"/>
  <testcase classname="com.erudex.test.login.LoginTestRA" name="testLogin" time="0.348"/>
  <testcase classname="com.erudex.test.login.LoginTestRA" name="testLoginWithSession" time="0.308"/>
  <testcase classname="com.erudex.test.login.LoginTestRA" name="testLoginWithSession" time="0.306"/>
  <testcase classname="com.erudex.test.login.LoginTestRA" name="testLoginWithSession" time="0.314"/>
  <testcase classname="com.erudex.test.login.LoginTestRA" name="testLoginWithSession" time="0.349"/>
  <testcase classname="com.erudex.test.login.LoginTestRA" name="testLogoutWithSession" time="0.342"/>
  <testcase classname="com.erudex.test.login.LoginTestRA" name="testLoginWithSession" time="0.340"/>
  <testcase classname="com.erudex.test.login.LoginTestRA" name="testLogoutWithSession" time="0.347"/>
  <testcase classname="com.erudex.test.login.LoginTestRA" name="testLoginWithSession" time="0.347"/>
  <testcase classname="com.erudex.test.login.LoginTestRA" name="testLogin" time="0.553"/>
  <testcase classname="com.erudex.test.login.LoginTestRA" name="testLogin" time="0.482"/>
  <testcase classname="com.erudex.test.login.LoginTestRA" name="testLoginWithSession" time="0.352"/>
  <testcase classname="com.erudex.test.login.LoginTestRA" name="testLogin" time="0.327"/>
  <testcase classname="com.erudex.test.login.LoginTestRA" name="testLogin" time="0.380"/>
  <testcase classname="com.erudex.test.login.LoginTestRA" name="testLogoutWithSession" time="0.335"/>
  <testcase classname="com.erudex.test.login.LoginTestRA" name="testLogin" time="0.353"/>
  <testcase classname="com.erudex.test.login.LoginTestRA" name="testLogoutWithSession" time="0.293"/>
  <testcase classname="com.erudex.test.login.LoginTestRA" name="testLogoutWithSession" time="0.393"/>
  <testcase classname="com.erudex.test.login.LoginTestRA" name="testLoginWithSession" time="0.343"/>
  <testcase classname="com.erudex.test.login.LoginTestRA" name="testLogoutWithSession" time="0.347"/>
  <testcase classname="com.erudex.test.login.LoginTestRA" name="testLogoutWithSession" time="0.340"/>
  <testcase classname="com.erudex.test.login.LoginTestRA" name="testLogoutWithSession" time="0.345"/>
  <testcase classname="com.erudex.test.login.LoginTestRA" name="testLogin" time="0.337"/>
  <testcase classname="com.erudex.test.login.LoginTestRA" name="testLoginWithSession" time="0.358"/>
  <testcase classname="com.erudex.test.login.LoginTestRA" name="testLoginWithSession" time="0.303"/>
  <testcase classname="com.erudex.test.login.LoginTestRA" name="testLogin" time="0.332"/>
  <testcase classname="com.erudex.test.login.LoginTestRA" name="testLoginWithSession" time="0.323"/>
  <testcase classname="com.erudex.test.login.LoginTestRA" name="testLogoutWithSession" time="0.737"/>
  <testcase classname="com.erudex.test.login.LoginTestRA" name="testLoginWithSession" time="0.347"/>
  <testcase classname="com.erudex.test.login.LoginTestRA" name="testLogoutWithSession" time="0.307"/>
  <testcase classname="com.erudex.test.login.LoginTestRA" name="testLogoutWithSession" time="0.300"/>
  <testcase classname="com.erudex.test.login.LoginTestRA" name="testLogoutWithSession" time="0.347"/>
  <testcase classname="com.erudex.test.login.LoginTestRA" name="testLoginWithSession" time="0.325"/>
  <testcase classname="com.erudex.test.login.LoginTestRA" name="testLogoutWithSession" time="0.306"/>
  <testcase classname="com.erudex.test.login.LoginTestRA" name="testLogin" time="0.310"/>
  <testcase classname="com.erudex.test.login.LoginTestRA" name="testLogin" time="0.353"/>
  <testcase classname="com.erudex.test.login.LoginTestRA" name="testLoginWithSession" time="0.352"/>
  <testcase classname="com.erudex.test.login.LoginTestRA" name="testLogin" time="0.380"/>
  <testcase classname="com.erudex.test.login.LoginTestRA" name="testLogin" time="0.319"/>
  <testcase classname="com.erudex.test.login.LoginTestRA" name="testLoginWithSession" time="0.342"/>
  <testcase classname="com.erudex.test.login.LoginTestRA" name="testLogoutWithSession" time="0.696"/>
  <testcase classname="com.erudex.test.login.LoginTestRA" name="testLoginWithSession" time="0.344"/>
  <testcase classname="com.erudex.test.login.LoginTestRA" name="testLoginWithSession" time="0.302"/>
  <testcase classname="com.erudex.test.login.LoginTestRA" name="testLogin" time="0.368"/>
  <testcase classname="com.erudex.test.login.LoginTestRA" name="testLogin" time="0.347"/>
  <testcase classname="com.erudex.test.login.LoginTestRA" name="testLoginWithSession" time="0.358"/>
  <testcase classname="com.erudex.test.login.LoginTestRA" name="testLogin" time="0.344"/>
  <testcase classname="com.erudex.test.login.LoginTestRA" name="testLogoutWithSession" time="0.303"/>
  <testcase classname="com.erudex.test.login.LoginTestRA" name="testLoginWithSession" time="0.354"/>
  <testcase classname="com.erudex.test.login.LoginTestRA" name="testLogoutWithSession" time="0.362"/>
  <testcase classname="com.erudex.test.login.LoginTestRA" name="testLoginWithSession" time="0.313"/>
  <testcase classname="com.erudex.test.login.LoginTestRA" name="testLogin" time="0.338"/>
  <testcase classname="com.erudex.test.login.LoginTestRA" name="testLogin" time="0.304"/>
  <testcase classname="com.erudex.test.login.LoginTestRA" name="testLoginWithSession" time="0.363"/>
  <testcase classname="com.erudex.test.login.LoginTestRA" name="testLoginWithSession" time="0.343"/>
  <testcase classname="com.erudex.test.login.LoginTestRA" name="testLogin" time="0.335"/>
  <testcase classname="com.erudex.test.login.LoginTestRA" name="testLogin" time="0.358"/>
  <testcase classname="com.erudex.test.login.LoginTestRA" name="testLogoutWithSession" time="0.343"/>
  <testcase classname="com.erudex.test.login.LoginTestRA" name="testLogin" time="0.391"/>
  <testcase classname="com.erudex.test.login.LoginTestRA" name="testLogoutWithSession" time="0.355"/>
  <testcase classname="com.erudex.test.login.LoginTestRA" name="testLoginWithSession" time="0.305"/>
  <testcase classname="com.erudex.test.login.LoginTestRA" name="testLoginWithSession" time="0.344"/>
  <testcase classname="com.erudex.test.login.LoginTestRA" name="testLogin" time="0.355"/>
  <testcase classname="com.erudex.test.login.LoginTestRA" name="testLoginWithSession" time="0.299"/>
  <testcase classname="com.erudex.test.login.LoginTestRA" name="testLoginWithSession" time="0.363"/>
  <testcase classname="com.erudex.test.login.LoginTestRA" name="testLogoutWithSession" time="0.297"/>
  <testcase classname="com.erudex.test.login.LoginTestRA" name="testLogin" time="0.447"/>
  <testcase classname="com.erudex.test.login.LoginTestRA" name="testLogin" time="0.320"/>
  <testcase classname="com.erudex.test.login.LoginTestRA" name="testLogin" time="0.314"/>
  <testcase classname="com.erudex.test.login.LoginTestRA" name="testLoginWithSession" time="0.363"/>
  <testcase classname="com.erudex.test.login.LoginTestRA" name="testLogin" time="0.312"/>
  <testcase classname="com.erudex.test.login.LoginTestRA" name="testLogin" time="0.314"/>
  <testcase classname="com.erudex.test.login.LoginTestRA" name="testLogoutWithSession" time="0.348"/>
  <testcase classname="com.erudex.test.login.LoginTestRA" name="testLoginWithSession" time="0.348"/>
  <testcase classname="com.erudex.test.login.LoginTestRA" name="testLoginWithSession" time="0.348"/>
  <testcase classname="com.erudex.test.login.LoginTestRA" name="testLoginWithSession" time="0.353"/>
  <testcase classname="com.erudex.test.login.LoginTestRA" name="testLogin" time="0.314"/>
  <testcase classname="com.erudex.test.login.LoginTestRA" name="testLogin" time="0.552"/>
  <testcase classname="com.erudex.test.login.LoginTestRA" name="testLogoutWithSession" time="0.299"/>
  <testcase classname="com.erudex.test.login.LoginTestRA" name="testLogoutWithSession" time="0.355"/>
  <testcase classname="com.erudex.test.login.LoginTestRA" name="testLoginWithSession" time="0.368"/>
  <testcase classname="com.erudex.test.login.LoginTestRA" name="testLogoutWithSession" time="0.313"/>
  <testcase classname="com.erudex.test.login.LoginTestRA" name="testLogoutWithSession" time="0.303"/>
  <testcase classname="com.erudex.test.login.LoginTestRA" name="testLogin" time="0.482"/>
  <testcase classname="com.erudex.test.login.LoginTestRA" name="testLoginWithSession" time="0.309"/>
  <testcase classname="com.erudex.test.login.LoginTestRA" name="testLoginWithSession" time="0.353"/>
  <testcase classname="com.erudex.test.login.LoginTestRA" name="testLogoutWithSession" time="0.343"/>
  <testcase classname="com.erudex.test.login.LoginTestRA" name="testLogoutWithSession" time="0.341"/>
  <testcase classname="com.erudex.test.login.LoginTestRA" name="testLogin" time="0.409"/>
  <testcase classname="com.erudex.test.login.LoginTestRA" name="testLogin" time="0.473"/>
  <testcase classname="com.erudex.test.login.LoginTestRA" name="testLoginWithSession" time="0.304"/>
  <testcase classname="com.erudex.test.login.LoginTestRA" name="testLogoutWithSession" time="0.336"/>
  <testcase classname="com.erudex.test.login.LoginTestRA" name="testLogin" time="0.342"/>
  <testcase classname="com.erudex.test.login.LoginTestRA" name="testLogin" time="0.419"/>
  <testcase classname="com.erudex.test.login.LoginTestRA" name="testLogin" time="0.487"/>
  <testcase classname="com.erudex.test.login.LoginTestRA" name="testLogoutWithSession" time="0.358"/>
  <testcase classname="com.erudex.test.login.LoginTestRA" name="testLogin" time="0.315"/>
  <testcase classname="com.erudex.test.login.LoginTestRA" name="testLoginWithSession" time="0.349"/>
  <testcase classname="com.erudex.test.login.LoginTestRA" name="testLogoutWithSession" time="0.341"/>
  <testcase classname="com.erudex.test.login.LoginTestRA" name="testLoginWithSession" time="0.307"/>
  <testcase classname="com.erudex.test.login.LoginTestRA" name="testLogin" time="0.357"/>
  <testcase classname="com.erudex.test.login.LoginTestRA" name="testLoginWithSession" time="0.689"/>
  <testcase classname="com.erudex.test.login.LoginTestRA" name="testLogin" time="0.367"/>
  <testcase classname="com.erudex.test.login.LoginTestRA" name="testLogin" time="0.308"/>
  <testcase classname="com.erudex.test.login.LoginTestRA" name="testLogoutWithSession" time="0.346"/>
  <testcase classname="com.erudex.test.login.LoginTestRA" name="testLogoutWithSession" time="0.349"/>
  <testcase classname="com.erudex.test.login.LoginTestRA" name="testLoginWithSession" time="0.353"/>
  <testcase classname="com.erudex.test.login.LoginTestRA" name="testLoginWithSession" time="0.316"/>
  <testcase classname="com.erudex.test.login.LoginTestRA" name="testLoginWithSession" time="0.298"/>
  <testcase classname="com.erudex.test.login.LoginTestRA" name="testLoginWithSession" time="0.299"/>
  <testcase classname="com.erudex.test.login.LoginTestRA" name="testLogoutWithSession" time="0.354"/>
  <testcase classname="com.erudex.test.login.LoginTestRA" name="testLogin" time="0.313"/>
  <testcase classname="com.erudex.test.login.LoginTestRA" name="testLoginWithSession" time="0.302"/>
  <testcase classname="com.erudex.test.login.LoginTestRA" name="testLogin" time="0.314"/>
  <testcase classname="com.erudex.test.login.LoginTestRA" name="testLoginWithSession" time="0.304"/>
  <testcase classname="com.erudex.test.login.LoginTestRA" name="testLoginWithSession" time="0.311"/>
  <testcase classname="com.erudex.test.login.LoginTestRA" name="testLogin" time="0.336"/>
  <testcase classname="com.erudex.test.login.LoginTestRA" name="testLoginWithSession" time="0.345"/>
  <testcase classname="com.erudex.test.login.LoginTestRA" name="testLogin" time="0.306"/>
  <testcase classname="com.erudex.test.login.LoginTestRA" name="testLoginWithSession" time="0.303"/>
  <testcase classname="com.erudex.test.login.LoginTestRA" name="testLogin" time="0.332"/>
  <testcase classname="com.erudex.test.login.LoginTestRA" name="testLoginWithSession" time="0.308"/>
  <testcase classname="com.erudex.test.login.LoginTestRA" name="testLoginWithSession" time="0.351"/>
  <testcase classname="com.erudex.test.login.LoginTestRA" name="testLoginWithSession" time="0.343"/>
  <testcase classname="com.erudex.test.login.LoginTestRA" name="testLogin" time="0.375"/>
  <testcase classname="com.erudex.test.login.LoginTestRA" name="testLoginWithSession" time="0.777"/>
  <testcase classname="com.erudex.test.login.LoginTestRA" name="testLoginWithSession" time="0.346"/>
  <testcase classname="com.erudex.test.login.LoginTestRA" name="testLoginWithSession" time="0.457"/>
  <testcase classname="com.erudex.test.login.LoginTestRA" name="testLoginWithSession" time="0.298"/>
  <testcase classname="com.erudex.test.login.LoginTestRA" name="testLogin" time="0.349"/>
  <testcase classname="com.erudex.test.login.LoginTestRA" name="testLoginWithSession" time="0.299"/>
  <testcase classname="com.erudex.test.login.LoginTestRA" name="testLoginWithSession" time="0.302"/>
  <testcase classname="com.erudex.test.login.LoginTestRA" name="testLogoutWithSession" time="0.303"/>
  <testcase classname="com.erudex.test.login.LoginTestRA" name="testLoginWithSession" time="0.345"/>
  <testcase classname="com.erudex.test.login.LoginTestRA" name="testLogin" time="0.310"/>
  <testcase classname="com.erudex.test.login.LoginTestRA" name="testLoginWithSession" time="0.408"/>
  <testcase classname="com.erudex.test.login.LoginTestRA" name="testLoginWithSession" time="0.353"/>
  <testcase classname="com.erudex.test.login.LoginTestRA" name="testLogoutWithSession" time="0.341"/>
  <testcase classname="com.erudex.test.login.LoginTestRA" name="testLoginWithSession" time="0.342"/>
  <testcase classname="com.erudex.test.login.LoginTestRA" name="testLogoutWithSession" time="0.350"/>
  <testcase classname="com.erudex.test.login.LoginTestRA" name="testLogoutWithSession" time="0.296"/>
  <testcase classname="com.erudex.test.login.LoginTestRA" name="testLogin" time="0.477"/>
  <testcase classname="com.erudex.test.login.LoginTestRA" name="testLogoutWithSession" time="0.291"/>
  <testcase classname="com.erudex.test.login.LoginTestRA" name="testLoginWithSession" time="0.299"/>
  <testcase classname="com.erudex.test.login.LoginTestRA" name="testLogoutWithSession" time="0.301"/>
  <testcase classname="com.erudex.test.login.LoginTestRA" name="testLogin" time="0.348"/>
  <testcase classname="com.erudex.test.login.LoginTestRA" name="testLogoutWithSession" time="0.341"/>
  <testcase classname="com.erudex.test.login.LoginTestRA" name="testLogoutWithSession" time="0.341"/>
  <testcase classname="com.erudex.test.login.LoginTestRA" name="testLogin" time="0.361"/>
  <testcase classname="com.erudex.test.login.LoginTestRA" name="testLoginWithSession" time="0.336"/>
  <testcase classname="com.erudex.test.login.LoginTestRA" name="testLoginWithSession" time="0.311"/>
  <testcase classname="com.erudex.test.login.LoginTestRA" name="testLogin" time="0.427"/>
  <testcase classname="com.erudex.test.login.LoginTestRA" name="testLoginWithSession" time="0.353"/>
  <testcase classname="com.erudex.test.login.LoginTestRA" name="testLoginWithSession" time="0.360"/>
  <testcase classname="com.erudex.test.login.LoginTestRA" name="testLoginWithSession" time="0.308"/>
  <testcase classname="com.erudex.test.login.LoginTestRA" name="testLogoutWithSession" time="0.344"/>
  <testcase classname="com.erudex.test.login.LoginTestRA" name="testLogoutWithSession" time="0.339"/>
  <testcase classname="com.erudex.test.login.LoginTestRA" name="testLoginWithSession" time="0.697"/>
  <testcase classname="com.erudex.test.login.LoginTestRA" name="testLoginWithSession" time="0.307"/>
  <testcase classname="com.erudex.test.login.LoginTestRA" name="testLogoutWithSession" time="0.295"/>
  <testcase classname="com.erudex.test.login.LoginTestRA" name="testLoginWithSession" time="0.337"/>
  <testcase classname="com.erudex.test.login.LoginTestRA" name="testLogin" time="0.308"/>
  <testcase classname="com.erudex.test.login.LoginTestRA" name="testLogoutWithSession" time="0.343"/>
  <testcase classname="com.erudex.test.login.LoginTestRA" name="testLogin" time="0.346"/>
  <testcase classname="com.erudex.test.login.LoginTestRA" name="testLoginWithSession" time="0.347"/>
  <testcase classname="com.erudex.test.login.LoginTestRA" name="testLogoutWithSession" time="0.337"/>
  <testcase classname="com.erudex.test.login.LoginTestRA" name="testLogoutWithSession" time="0.338"/>
  <testcase classname="com.erudex.test.login.LoginTestRA" name="testLogin" time="0.350"/>
  <testcase classname="com.erudex.test.login.LoginTestRA" name="testLogin" time="0.352"/>
  <testcase classname="com.erudex.test.login.LoginTestRA" name="testLogoutWithSession" time="0.361"/>
  <testcase classname="com.erudex.test.login.LoginTestRA" name="testLogoutWithSession" time="0.339"/>
  <testcase classname="com.erudex.test.login.LoginTestRA" name="testLogoutWithSession" time="0.337"/>
  <testcase classname="com.erudex.test.login.LoginTestRA" name="testLogin" time="0.395"/>
  <testcase classname="com.erudex.test.login.LoginTestRA" name="testLogoutWithSession" time="0.341"/>
  <testcase classname="com.erudex.test.login.LoginTestRA" name="testLogoutWithSession" time="0.346"/>
  <testcase classname="com.erudex.test.login.LoginTestRA" name="testLogin" time="0.305"/>
  <testcase classname="com.erudex.test.login.LoginTestRA" name="testLogin" time="0.310"/>
  <testcase classname="com.erudex.test.login.LoginTestRA" name="testLogin" time="0.374"/>
  <testcase classname="com.erudex.test.login.LoginTestRA" name="testLogoutWithSession" time="0.356"/>
  <testcase classname="com.erudex.test.login.LoginTestRA" name="testLogin" time="0.355"/>
  <testcase classname="com.erudex.test.login.LoginTestRA" name="testLogin" time="0.319"/>
  <testcase classname="com.erudex.test.login.LoginTestRA" name="testLogin" time="0.311"/>
  <testcase classname="com.erudex.test.login.LoginTestRA" name="testLogoutWithSession" time="0.353"/>
  <testcase classname="com.erudex.test.login.LoginTestRA" name="testLogin" time="0.316"/>
  <testcase classname="com.erudex.test.login.LoginTestRA" name="testLogoutWithSession" time="0.354"/>
[...]
  <testcase classname="com.erudex.test.login.LoginTestRA" name="testLogin" time="0.358"/>
  <testcase classname="com.erudex.test.login.LoginTestRA" name="testLogin" time="0.356"/>
  <testcase classname="com.erudex.test.login.LoginTestRA" name="testLoginWithSession" time="0.298"/>
  <testcase classname="com.erudex.test.login.LoginTestRA" name="testLoginWithSession" time="0.539"/>
  <testcase classname="com.erudex.test.login.LoginTestRA" name="testLogoutWithSession" time="0.344"/>
  <testcase classname="com.erudex.test.login.LoginTestRA" name="testLogoutWithSession" time="0.340"/>
  <testcase classname="com.erudex.test.login.LoginTestRA" name="testLogin" time="0.315"/>
  <testcase classname="com.erudex.test.login.LoginTestRA" name="testLogin" time="0.318"/>
  <testcase classname="com.erudex.test.login.LoginTestRA" name="testLogoutWithSession" time="0.300"/>
  <testcase classname="com.erudex.test.login.LoginTestRA" name="testLogoutWithSession" time="0.348"/>
  <testcase classname="com.erudex.test.login.LoginTestRA" name="testLogoutWithSession" time="0.355"/>
  <testcase classname="com.erudex.test.login.LoginTestRA" name="testLogoutWithSession" time="0.340"/>
  <testcase classname="com.erudex.test.login.LoginTestRA" name="testLoginWithSession" time="0.358"/>
  <testcase classname="com.erudex.test.login.LoginTestRA" name="testLoginWithSession" time="0.340"/>
  <testcase classname="com.erudex.test.login.LoginTestRA" name="testLogoutWithSession" time="0.301"/>
  <testcase classname="com.erudex.test.login.LoginTestRA" name="testLogin" time="0.347"/>
  <testcase classname="com.erudex.test.login.LoginTestRA" name="testLogin" time="0.356"/>
  <testcase classname="com.erudex.test.login.LoginTestRA" name="testLogoutWithSession" time="0.309"/>
  <testcase classname="com.erudex.test.login.LoginTestRA" name="testLogin" time="0.724"/>
  <testcase classname="com.erudex.test.login.LoginTestRA" name="testLogin" time="0.314"/>
  <testcase classname="com.erudex.test.login.LoginTestRA" name="testLogoutWithSession" time="0.307"/>
  <testcase classname="com.erudex.test.login.LoginTestRA" name="testLoginWithSession" time="0.345"/>
  <testcase classname="com.erudex.test.login.LoginTestRA" name="testLogoutWithSession" time="0.296"/>
  <testcase classname="com.erudex.test.login.LoginTestRA" name="testLogin" time="0.326"/>
  <testcase classname="com.erudex.test.login.LoginTestRA" name="testLogoutWithSession" time="0.295"/>
  <testcase classname="com.erudex.test.login.LoginTestRA" name="testLogin" time="0.322"/>
  <testcase classname="com.erudex.test.login.LoginTestRA" name="testLogin" time="0.311"/>
  <testcase classname="com.erudex.test.login.LoginTestRA" name="testLoginWithSession" time="0.303"/>
  <testcase classname="com.erudex.test.login.LoginTestRA" name="testLoginWithSession" time="0.356"/>
  <testcase classname="com.erudex.test.login.LoginTestRA" name="testLogin" time="2.122"/>
  <testcase classname="com.erudex.test.login.LoginTestRA" name="testLogin" time="0.317"/>
  <testcase classname="com.erudex.test.login.LoginTestRA" name="testLoginWithSession" time="0.301"/>
  <testcase classname="com.erudex.test.login.LoginTestRA" name="testLogoutWithSession" time="0.348"/>
  <testcase classname="com.erudex.test.login.LoginTestRA" name="testLoginWithSession" time="0.305"/>
  <testcase classname="com.erudex.test.login.LoginTestRA" name="testLogin" time="0.962"/>
  <testcase classname="com.erudex.test.login.LoginTestRA" name="testLogoutWithSession" time="0.368"/>
  <testcase classname="com.erudex.test.login.LoginTestRA" name="testLogoutWithSession" time="0.359"/>
  <testcase classname="com.erudex.test.login.LoginTestRA" name="testLogin" time="0.340"/>
  <testcase classname="com.erudex.test.login.LoginTestRA" name="testLogin" time="0.318"/>
  <testcase classname="com.erudex.test.login.LoginTestRA" name="testLoginWithSession" time="0.304"/>
  <testcase classname="com.erudex.test.login.LoginTestRA" name="testLoginWithSession" time="0.300"/>
  <testcase classname="com.erudex.test.login.LoginTestRA" name="testLogin" time="0.321"/>
  <testcase classname="com.erudex.test.login.LoginTestRA" name="testLoginWithSession" time="0.344"/>
  <testcase classname="com.erudex.test.login.LoginTestRA" name="testLoginWithSession" time="0.341"/>
  <testcase classname="com.erudex.test.login.LoginTestRA" name="testLogin" time="0.308"/>
  <testcase classname="com.erudex.test.login.LoginTestRA" name="testLoginWithSession" time="0.344"/>
  <testcase classname="com.erudex.test.login.LoginTestRA" name="testLogin" time="0.382"/>
  <testcase classname="com.erudex.test.login.LoginTestRA" name="testLogoutWithSession" time="0.358"/>
  <testcase classname="com.erudex.test.login.LoginTestRA" name="testLogin" time="0.351"/>
  <testcase classname="com.erudex.test.login.LoginTestRA" name="testLogin" time="0.312"/>
  <testcase classname="com.erudex.test.login.LoginTestRA" name="testLogoutWithSession" time="0.352"/>
  <testcase classname="com.erudex.test.login.LoginTestRA" name="testLogin" time="0.337"/>
  <testcase classname="com.erudex.test.login.LoginTestRA" name="testLogin" time="0.317"/>
  <testcase classname="com.erudex.test.login.LoginTestRA" name="testLogin" time="0.321"/>
  <testcase classname="com.erudex.test.login.LoginTestRA" name="testLoginWithSession" time="0.343"/>
  <testcase classname="com.erudex.test.login.LoginTestRA" name="testLogoutWithSession" time="0.345"/>
  <testcase classname="com.erudex.test.login.LoginTestRA" name="testLogoutWithSession" time="0.330"/>
  <testcase classname="com.erudex.test.login.LoginTestRA" name="testLogin" time="0.318"/>
  <testcase classname="com.erudex.test.login.LoginTestRA" name="testLogoutWithSession" time="0.299"/>
  <testcase classname="com.erudex.test.login.LoginTestRA" name="testLogin" time="0.711"/>
  <testcase classname="com.erudex.test.login.LoginTestRA" name="testLogin" time="2.493"/>
  <testcase classname="com.erudex.test.login.LoginTestRA" name="testLogin" time="0.359"/>
  <testcase classname="com.erudex.test.login.LoginTestRA" name="testLogin" time="0.320"/>
  <testcase classname="com.erudex.test.login.LoginTestRA" name="testLoginWithSession" time="0.308"/>
  <testcase classname="com.erudex.test.login.LoginTestRA" name="testLogin" time="0.337"/>
  <testcase classname="com.erudex.test.login.LoginTestRA" name="testLogoutWithSession" time="0.349"/>
  <testcase classname="com.erudex.test.login.LoginTestRA" name="testLoginWithSession" time="0.343"/>
  <testcase classname="com.erudex.test.login.LoginTestRA" name="testLogoutWithSession" time="0.306"/>
  <testcase classname="com.erudex.test.login.LoginTestRA" name="testLogin" time="0.312"/>
  <testcase classname="com.erudex.test.login.LoginTestRA" name="testLogoutWithSession" time="0.342"/>
  <testcase classname="com.erudex.test.login.LoginTestRA" name="testLoginWithSession" time="0.305"/>
  <testcase classname="com.erudex.test.login.LoginTestRA" name="testLoginWithSession" time="0.303"/>
  <testcase classname="com.erudex.test.login.LoginTestRA" name="testLogoutWithSession" time="0.730"/>
  <testcase classname="com.erudex.test.login.LoginTestRA" name="testLogoutWithSession" time="0.353"/>
  <testcase classname="com.erudex.test.login.LoginTestRA" name="testLoginWithSession" time="0.350"/>
  <testcase classname="com.erudex.test.login.LoginTestRA" name="testLogin" time="0.344"/>
  <testcase classname="com.erudex.test.login.LoginTestRA" name="testLogoutWithSession" time="0.335"/>
  <testcase classname="com.erudex.test.login.LoginTestRA" name="testLoginWithSession" time="0.311"/>
  <testcase classname="com.erudex.test.login.LoginTestRA" name="testLogoutWithSession" time="0.306"/>
  <testcase classname="com.erudex.test.login.LoginTestRA" name="testLoginWithSession" time="0.341"/>
  <testcase classname="com.erudex.test.login.LoginTestRA" name="testLogin" time="0.338"/>
  <testcase classname="com.erudex.test.login.LoginTestRA" name="testLogin" time="0.395"/>
  <testcase classname="com.erudex.test.login.LoginTestRA" name="testLoginWithSession" time="0.343"/>
  <testcase classname="com.erudex.test.login.LoginTestRA" name="testLogoutWithSession" time="0.353"/>
  <testcase classname="com.erudex.test.login.LoginTestRA" name="testLogoutWithSession" time="0.310"/>
  <testcase classname="com.erudex.test.login.LoginTestRA" name="testLoginWithSession" time="0.346"/>
  <testcase classname="com.erudex.test.login.LoginTestRA" name="testLoginWithSession" time="0.351"/>
  <testcase classname="com.erudex.test.login.LoginTestRA" name="testLogin" time="0.727"/>
  <testcase classname="com.erudex.test.login.LoginTestRA" name="testLogoutWithSession" time="0.478"/>
  <testcase classname="com.erudex.test.login.LoginTestRA" name="testLogoutWithSession" time="0.299"/>
  <testcase classname="com.erudex.test.login.LoginTestRA" name="testLogin" time="0.325"/>
  <testcase classname="com.erudex.test.login.LoginTestRA" name="testLogoutWithSession" time="0.352"/>
  <testcase classname="com.erudex.test.login.LoginTestRA" name="testLogin" time="2.618"/>
  <testcase classname="com.erudex.test.login.LoginTestRA" name="testLogoutWithSession" time="0.357"/>
  <testcase classname="com.erudex.test.login.LoginTestRA" name="testLogin" time="0.484"/>
  <testcase classname="com.erudex.test.login.LoginTestRA" name="testLoginWithSession" time="0.336"/>
  <testcase classname="com.erudex.test.login.LoginTestRA" name="testLogin" time="0.451"/>
  <testcase classname="com.erudex.test.login.LoginTestRA" name="testLoginWithSession" time="0.341"/>
  <testcase classname="com.erudex.test.login.LoginTestRA" name="testLogoutWithSession" time="0.332"/>
  <testcase classname="com.erudex.test.login.LoginTestRA" name="testLoginWithSession" time="0.307"/>
  <testcase classname="com.erudex.test.login.LoginTestRA" name="testLogoutWithSession" time="0.303"/>
  <testcase classname="com.erudex.test.login.LoginTestRA" name="testLogoutWithSession" time="0.308"/>
  <testcase classname="com.erudex.test.login.LoginTestRA" name="testLoginWithSession" time="0.334"/>
  <testcase classname="com.erudex.test.login.LoginTestRA" name="testLogoutWithSession" time="0.307"/>
  <testcase classname="com.erudex.test.login.LoginTestRA" name="testLogoutWithSession" time="0.345"/>
  <testcase classname="com.erudex.test.login.LoginTestRA" name="testLogin" time="0.359"/>
  <testcase classname="com.erudex.test.login.LoginTestRA" name="testLogin" time="0.365"/>
  <testcase classname="com.erudex.test.login.LoginTestRA" name="testLogin" time="0.354"/>
  <testcase classname="com.erudex.test.login.LoginTestRA" name="testLogoutWithSession" time="0.349"/>
  <testcase classname="com.erudex.test.login.LoginTestRA" name="testLoginWithSession" time="0.347"/>
  <testcase classname="com.erudex.test.login.LoginTestRA" name="testLogin" time="0.309"/>
  <testcase classname="com.erudex.test.login.LoginTestRA" name="testLogin" time="0.338"/>
  <testcase classname="com.erudex.test.login.LoginTestRA" name="testLogoutWithSession" time="0.346"/>
  <testcase classname="com.erudex.test.login.LoginTestRA" name="testLogin" time="0.356"/>
  <testcase classname="com.erudex.test.login.LoginTestRA" name="testLogin" time="0.344"/>
  <testcase classname="com.erudex.test.login.LoginTestRA" name="testLogin" time="0.351"/>
  <testcase classname="com.erudex.test.login.LoginTestRA" name="testLoginWithSession" time="0.345"/>
  <testcase classname="com.erudex.test.login.LoginTestRA" name="testLogoutWithSession" time="0.357"/>
  <testcase classname="com.erudex.test.login.LoginTestRA" name="testLoginWithSession" time="0.306"/>
  <testcase classname="com.erudex.test.login.LoginTestRA" name="testLogoutWithSession" time="0.341"/>
  <testcase classname="com.erudex.test.login.LoginTestRA" name="testLogoutWithSession" time="0.297"/>
  <testcase classname="com.erudex.test.login.LoginTestRA" name="testLoginWithSession" time="0.353"/>
  <testcase classname="com.erudex.test.login.LoginTestRA" name="testLogin" time="0.321"/>
  <testcase classname="com.erudex.test.login.LoginTestRA" name="testLoginWithSession" time="0.355"/>
  <testcase classname="com.erudex.test.login.LoginTestRA" name="testLoginWithSession" time="0.303"/>
  <testcase classname="com.erudex.test.login.LoginTestRA" name="testLogoutWithSession" time="0.300"/>
  <testcase classname="com.erudex.test.login.LoginTestRA" name="testLogin" time="0.360"/>
  <testcase classname="com.erudex.test.login.LoginTestRA" name="testLogoutWithSession" time="0.337"/>
  <testcase classname="com.erudex.test.login.LoginTestRA" name="testLogoutWithSession" time="0.346"/>
  <testcase classname="com.erudex.test.login.LoginTestRA" name="testLogoutWithSession" time="0.699"/>
  <testcase classname="com.erudex.test.login.LoginTestRA" name="testLogoutWithSession" time="0.468"/>
  <testcase classname="com.erudex.test.login.LoginTestRA" name="testLogin" time="0.365"/>
  <testcase classname="com.erudex.test.login.LoginTestRA" name="testLogin" time="0.450"/>
  <testcase classname="com.erudex.test.login.LoginTestRA" name="testLogoutWithSession" time="0.350"/>
  <testcase classname="com.erudex.test.login.LoginTestRA" name="testLoginWithSession" time="0.305"/>
  <testcase classname="com.erudex.test.login.LoginTestRA" name="testLogin" time="0.310"/>
  <testcase classname="com.erudex.test.login.LoginTestRA" name="testLogoutWithSession" time="0.297"/>
  <testcase classname="com.erudex.test.login.LoginTestRA" name="testLoginWithSession" time="0.344"/>
  <testcase classname="com.erudex.test.login.LoginTestRA" name="testLogoutWithSession" time="0.359"/>
  <testcase classname="com.erudex.test.login.LoginTestRA" name="testLogoutWithSession" time="0.298"/>
  <testcase classname="com.erudex.test.login.LoginTestRA" name="testLogin" time="0.347"/>
  <testcase classname="com.erudex.test.login.LoginTestRA" name="testLogin" time="0.360"/>
  <testcase classname="com.erudex.test.login.LoginTestRA" name="testLoginWithSession" time="0.345"/>
  <testcase classname="com.erudex.test.login.LoginTestRA" name="testLogoutWithSession" time="0.514"/>
  <testcase classname="com.erudex.test.login.LoginTestRA" name="testLogin" time="0.358"/>
  <testcase classname="com.erudex.test.login.LoginTestRA" name="testLogoutWithSession" time="0.344"/>
  <testcase classname="com.erudex.test.login.LoginTestRA" name="testLogoutWithSession" time="0.341"/>
  <testcase classname="com.erudex.test.login.LoginTestRA" name="testLogin" time="0.361"/>
  <testcase classname="com.erudex.test.login.LoginTestRA" name="testLoginWithSession" time="0.360"/>
  <testcase classname="com.erudex.test.login.LoginTestRA" name="testLogoutWithSession" time="0.358"/>
  <testcase classname="com.erudex.test.login.LoginTestRA" name="testLogoutWithSession" time="0.335"/>
  <testcase classname="com.erudex.test.login.LoginTestRA" name="testLogoutWithSession" time="0.346"/>
  <testcase classname="com.erudex.test.login.LoginTestRA" name="testLoginWithSession" time="0.304"/>
  <testcase classname="com.erudex.test.login.LoginTestRA" name="testLoginWithSession" time="0.348"/>
  <testcase classname="com.erudex.test.login.LoginTestRA" name="testLogoutWithSession" time="0.343"/>
  <testcase classname="com.erudex.test.login.LoginTestRA" name="testLogin" time="0.365"/>
  <testcase classname="com.erudex.test.login.LoginTestRA" name="testLoginWithSession" time="0.351"/>
  <testcase classname="com.erudex.test.login.LoginTestRA" name="testLoginWithSession" time="0.300"/>
  <testcase classname="com.erudex.test.login.LoginTestRA" name="testLogin" time="0.319"/>
  <testcase classname="com.erudex.test.login.LoginTestRA" name="testLogoutWithSession" time="0.338"/>
  <testcase classname="com.erudex.test.login.LoginTestRA" name="testLoginWithSession" time="0.339"/>
  <testcase classname="com.erudex.test.login.LoginTestRA" name="testLoginWithSession" time="0.303"/>
  <testcase classname="com.erudex.test.login.LoginTestRA" name="testLoginWithSession" time="0.304"/>
  <testcase classname="com.erudex.test.login.LoginTestRA" name="testLoginWithSession" time="0.303"/>
  <testcase classname="com.erudex.test.login.LoginTestRA" name="testLogoutWithSession" time="0.305"/>
  <testcase classname="com.erudex.test.login.LoginTestRA" name="testLogoutWithSession" time="0.301"/>
  <testcase classname="com.erudex.test.login.LoginTestRA" name="testLogin" time="0.337"/>
  <testcase classname="com.erudex.test.login.LoginTestRA" name="testLoginWithSession" time="0.353"/>
  <testcase classname="com.erudex.test.login.LoginTestRA" name="testLoginWithSession" time="0.361"/>
  <testcase classname="com.erudex.test.login.LoginTestRA" name="testLogoutWithSession" time="0.349"/>
  <testcase classname="com.erudex.test.login.LoginTestRA" name="testLogin" time="2.613"/>
  <testcase classname="com.erudex.test.login.LoginTestRA" name="testLoginWithSession" time="0.351"/>
  <testcase classname="com.erudex.test.login.LoginTestRA" name="testLogoutWithSession" time="0.297"/>
  <testcase classname="com.erudex.test.login.LoginTestRA" name="testLogin" time="0.366"/>
  <testcase classname="com.erudex.test.login.LoginTestRA" name="testLogin" time="0.359"/>
  <testcase classname="com.erudex.test.login.LoginTestRA" name="testLoginWithSession" time="0.341"/>
  <testcase classname="com.erudex.test.login.LoginTestRA" name="testLoginWithSession" time="0.366"/>
  <testcase classname="com.erudex.test.login.LoginTestRA" name="testLogoutWithSession" time="0.303"/>
  <testcase classname="com.erudex.test.login.LoginTestRA" name="testLogoutWithSession" time="0.337"/>
  <testcase classname="com.erudex.test.login.LoginTestRA" name="testLogin" time="0.343"/>
  <testcase classname="com.erudex.test.login.LoginTestRA" name="testLogin" time="0.371"/>
  <testcase classname="com.erudex.test.login.LoginTestRA" name="testLoginWithSession" time="0.304"/>
  <testcase classname="com.erudex.test.login.LoginTestRA" name="testLoginWithSession" time="0.359"/>
  <testcase classname="com.erudex.test.login.LoginTestRA" name="testLogin" time="0.468"/>
  <testcase classname="com.erudex.test.login.LoginTestRA" name="testLoginWithSession" time="0.298"/>
  <testcase classname="com.erudex.test.login.LoginTestRA" name="testLogoutWithSession" time="0.294"/>
  <testcase classname="com.erudex.test.login.LoginTestRA" name="testLogin" time="0.358"/>
  <testcase classname="com.erudex.test.login.LoginTestRA" name="testLoginWithSession" time="0.303"/>
  <testcase classname="com.erudex.test.login.LoginTestRA" name="testLogin" time="0.373"/>
  <testcase classname="com.erudex.test.login.LoginTestRA" name="testLogin" time="0.484"/>
  <testcase classname="com.erudex.test.login.LoginTestRA" name="testLoginWithSession" time="0.334"/>
  <testcase classname="com.erudex.test.login.LoginTestRA" name="testLogoutWithSession" time="0.299"/>
  <testcase classname="com.erudex.test.login.LoginTestRA" name="testLoginWithSession" time="0.308"/>
  <testcase classname="com.erudex.test.login.LoginTestRA" name="testLogoutWithSession" time="0.335"/>
  <testcase classname="com.erudex.test.login.LoginTestRA" name="testLogoutWithSession" time="0.347"/>
  <testcase classname="com.erudex.test.login.LoginTestRA" name="testLogin" time="0.325"/>
  <testcase classname="com.erudex.test.login.LoginTestRA" name="testLogoutWithSession" time="0.345"/>
  <testcase classname="com.erudex.test.login.LoginTestRA" name="testLogin" time="0.402"/>
  <testcase classname="com.erudex.test.login.LoginTestRA" name="testLogin" time="0.367"/>
  <testcase classname="com.erudex.test.login.LoginTestRA" name="testLogin" time="0.322"/>
  <testcase classname="com.erudex.test.login.LoginTestRA" name="testLogin" time="0.349"/>
  <testcase classname="com.erudex.test.login.LoginTestRA" name="testLoginWithSession" time="0.307"/>
  <testcase classname="com.erudex.test.login.LoginTestRA" name="testLogin" time="0.320"/>
  <testcase classname="com.erudex.test.login.LoginTestRA" name="testLogoutWithSession" time="0.303"/>
</testsuite> <!-- com.erudex.test.login.LoginTestRA -->
